  alAELibCore.cpp
D:\3aalgo\3a-tmp\3a\AE\RGB\JG_AE\core\include\MyLog.h(25,2): warning C4091: “typedef ”: 没有声明变量时忽略“LogLevel_em”的左侧
  (编译源文件“core/alAELibCore.cpp”)
  
D:\3aalgo\3a-tmp\3a\AE\RGB\JG_AE\core\include\MyLog.h(269,14): warning C4267: “=”: 从“size_t”转换到“int”，可能丢失数据
  (编译源文件“core/alAELibCore.cpp”)
  
D:\3aalgo\3a-tmp\3a\AE\RGB\JG_AE\core\include\MyLog.h(272,9): warning C4267: “初始化”: 从“size_t”转换到“int”，可能丢失数据
  (编译源文件“core/alAELibCore.cpp”)
  
D:\3aalgo\3a-tmp\3a\AE\RGB\JG_AE\core\include\AE_Lib_core.h(203,2): warning C4091: “typedef ”: 没有声明变量时忽略“WDRMode”的左侧
  (编译源文件“core/alAELibCore.cpp”)
  
D:\3aalgo\3a-tmp\3a\AE\RGB\JG_AE\core\include\table.h(15,2): warning C4091: “typedef ”: 没有声明变量时忽略“eAETableID”的左侧
  (编译源文件“core/alAELibCore.cpp”)
  
D:\3aalgo\3a-tmp\3a\AE\RGB\JG_AE\core\include\table.h(79,2): warning C4091: “typedef ”: 没有声明变量时忽略“strAETable”的左侧
  (编译源文件“core/alAELibCore.cpp”)
  
D:\3aalgo\3a-tmp\3a\AE\RGB\JG_AE\core\include\table.h(182,2): warning C4091: “typedef ”: 没有声明变量时忽略“strAETarget”的左侧
  (编译源文件“core/alAELibCore.cpp”)
  
D:\3aalgo\3a-tmp\3a\AE\RGB\JG_AE\core\alAELibCore.cpp(117,36): warning C4305: “=”: 从“double”到“float”截断
D:\3aalgo\3a-tmp\3a\AE\RGB\JG_AE\core\alAELibCore.cpp(285,148): warning C4244: “=”: 从“double”转换到“float”，可能丢失数据
D:\3aalgo\3a-tmp\3a\AE\RGB\JG_AE\core\alAELibCore.cpp(734,30): warning C4244: “初始化”: 从“float”转换到“int”，可能丢失数据
D:\3aalgo\3a-tmp\3a\AE\RGB\JG_AE\core\alAELibCore.cpp(747,75): warning C4244: “=”: 从“UINT32”转换到“float”，可能丢失数据
D:\3aalgo\3a-tmp\3a\AE\RGB\JG_AE\core\alAELibCore.cpp(1089,157): warning C4244: “=”: 从“double”转换到“float”，可能丢失数据
D:\3aalgo\3a-tmp\3a\AE\RGB\JG_AE\core\alAELibCore.cpp(1313,28): warning C4244: “=”: 从“float”转换到“UINT8”，可能丢失数据
D:\3aalgo\3a-tmp\3a\AE\RGB\JG_AE\core\alAELibCore.cpp(1314,27): warning C4244: “=”: 从“float”转换到“UINT8”，可能丢失数据
D:\3aalgo\3a-tmp\3a\AE\RGB\JG_AE\core\alAELibCore.cpp(1315,29): warning C4244: “=”: 从“float”转换到“UINT8”，可能丢失数据
D:\3aalgo\3a-tmp\3a\AE\RGB\JG_AE\core\alAELibCore.cpp(1316,28): warning C4244: “=”: 从“float”转换到“UINT8”，可能丢失数据
D:\3aalgo\3a-tmp\3a\AE\RGB\JG_AE\core\alAELibCore.cpp(1953,45): warning C4305: “=”: 从“double”到“float”截断
D:\3aalgo\3a-tmp\3a\AE\RGB\JG_AE\core\alAELibCore.cpp(1954,42): warning C4305: “=”: 从“double”到“float”截断
D:\3aalgo\3a-tmp\3a\AE\RGB\JG_AE\core\alAELibCore.cpp(2089,43): warning C4305: “=”: 从“double”到“float”截断
D:\3aalgo\3a-tmp\3a\AE\RGB\JG_AE\core\alAELibCore.cpp(2095,51): warning C4305: “=”: 从“double”到“float”截断
D:\3aalgo\3a-tmp\3a\AE\RGB\JG_AE\core\alAELibCore.cpp(2133,37): warning C4244: “=”: 从“UINT64”转换到“UINT32”，可能丢失数据
D:\3aalgo\3a-tmp\3a\AE\RGB\JG_AE\core\alAELibCore.cpp(2138,37): warning C4244: “=”: 从“UINT64”转换到“UINT32”，可能丢失数据
D:\3aalgo\3a-tmp\3a\AE\RGB\JG_AE\core\alAELibCore.cpp(2144,36): warning C4244: “=”: 从“UINT64”转换到“UINT32”，可能丢失数据
D:\3aalgo\3a-tmp\3a\AE\RGB\JG_AE\core\alAELibCore.cpp(2149,36): warning C4244: “=”: 从“UINT64”转换到“UINT32”，可能丢失数据
D:\3aalgo\3a-tmp\3a\AE\RGB\JG_AE\core\alAELibCore.cpp(2203,60): warning C4244: “=”: 从“UINT64”转换到“UINT32”，可能丢失数据
D:\3aalgo\3a-tmp\3a\AE\RGB\JG_AE\core\alAELibCore.cpp(2208,63): warning C4244: “=”: 从“UINT64”转换到“UINT32”，可能丢失数据
D:\3aalgo\3a-tmp\3a\AE\RGB\JG_AE\core\alAELibCore.cpp(2214,64): warning C4244: “=”: 从“UINT64”转换到“UINT32”，可能丢失数据
D:\3aalgo\3a-tmp\3a\AE\RGB\JG_AE\core\alAELibCore.cpp(2225,68): warning C4244: “=”: 从“UINT64”转换到“UINT32”，可能丢失数据
D:\3aalgo\3a-tmp\3a\AE\RGB\JG_AE\core\alAELibCore.cpp(2234,64): warning C4244: “=”: 从“UINT64”转换到“UINT32”，可能丢失数据
D:\3aalgo\3a-tmp\3a\AE\RGB\JG_AE\core\alAELibCore.cpp(2245,47): warning C4244: “=”: 从“UINT64”转换到“UINT32”，可能丢失数据
D:\3aalgo\3a-tmp\3a\AE\RGB\JG_AE\core\alAELibCore.cpp(2251,24): warning C4244: “=”: 从“UINT64”转换到“UINT32”，可能丢失数据
D:\3aalgo\3a-tmp\3a\AE\RGB\JG_AE\core\alAELibCore.cpp(2252,48): warning C4244: “=”: 从“UINT64”转换到“UINT32”，可能丢失数据
D:\3aalgo\3a-tmp\3a\AE\RGB\JG_AE\core\alAELibCore.cpp(2446,30): warning C4244: “=”: 从“float”转换到“INT32”，可能丢失数据
D:\3aalgo\3a-tmp\3a\AE\RGB\JG_AE\core\alAELibCore.cpp(2625,43): warning C4244: “=”: 从“UINT16”转换到“UINT8”，可能丢失数据
D:\3aalgo\3a-tmp\3a\AE\RGB\JG_AE\core\alAELibCore.cpp(2626,43): warning C4244: “=”: 从“UINT16”转换到“UINT8”，可能丢失数据
D:\3aalgo\3a-tmp\3a\AE\RGB\JG_AE\core\alAELibCore.cpp(2828,14): warning C4244: “初始化”: 从“float”转换到“INT32”，可能丢失数据
D:\3aalgo\3a-tmp\3a\AE\RGB\JG_AE\core\alAELibCore.cpp(2854,22): warning C4244: “=”: 从“float”转换到“INT32”，可能丢失数据
D:\3aalgo\3a-tmp\3a\AE\RGB\JG_AE\core\alAELibCore.cpp(2884,20): warning C4244: “=”: 从“double”转换到“int”，可能丢失数据
D:\3aalgo\3a-tmp\3a\AE\RGB\JG_AE\core\alAELibCore.cpp(2939,23): warning C4244: “初始化”: 从“float”转换到“int”，可能丢失数据
D:\3aalgo\3a-tmp\3a\AE\RGB\JG_AE\core\alAELibCore.cpp(2951,126): warning C4244: “=”: 从“float”转换到“int”，可能丢失数据
D:\3aalgo\3a-tmp\3a\AE\RGB\JG_AE\core\alAELibCore.cpp(2972,99): warning C4244: “=”: 从“float”转换到“UINT16”，可能丢失数据
D:\3aalgo\3a-tmp\3a\AE\RGB\JG_AE\core\alAELibCore.cpp(2976,93): warning C4244: “=”: 从“float”转换到“UINT16”，可能丢失数据
D:\3aalgo\3a-tmp\3a\AE\RGB\JG_AE\core\alAELibCore.cpp(3025,25): warning C4244: “=”: 从“float”转换到“UINT16”，可能丢失数据
D:\3aalgo\3a-tmp\3a\AE\RGB\JG_AE\core\alAELibCore.cpp(3041,25): warning C4244: “=”: 从“float”转换到“UINT16”，可能丢失数据
D:\3aalgo\3a-tmp\3a\AE\RGB\JG_AE\core\alAELibCore.cpp(3066,160): warning C4018: “>”: 有符号/无符号不匹配
D:\3aalgo\3a-tmp\3a\AE\RGB\JG_AE\core\alAELibCore.cpp(3071,166): warning C4018: “<=”: 有符号/无符号不匹配
D:\3aalgo\3a-tmp\3a\AE\RGB\JG_AE\core\alAELibCore.cpp(3076,165): warning C4018: “>”: 有符号/无符号不匹配
D:\3aalgo\3a-tmp\3a\AE\RGB\JG_AE\core\alAELibCore.cpp(3130,96): warning C4244: “=”: 从“float”转换到“int”，可能丢失数据
  alAELib_iAE.cpp
D:\3aalgo\3a-tmp\3a\AE\RGB\JG_AE\core\include\MyLog.h(25,2): warning C4091: “typedef ”: 没有声明变量时忽略“LogLevel_em”的左侧
  (编译源文件“core/alAELib_iAE.cpp”)
  
D:\3aalgo\3a-tmp\3a\AE\RGB\JG_AE\core\include\MyLog.h(269,14): warning C4267: “=”: 从“size_t”转换到“int”，可能丢失数据
  (编译源文件“core/alAELib_iAE.cpp”)
  
D:\3aalgo\3a-tmp\3a\AE\RGB\JG_AE\core\include\MyLog.h(272,9): warning C4267: “初始化”: 从“size_t”转换到“int”，可能丢失数据
  (编译源文件“core/alAELib_iAE.cpp”)
  
D:\3aalgo\3a-tmp\3a\AE\RGB\JG_AE\core\include\AE_Lib_core.h(203,2): warning C4091: “typedef ”: 没有声明变量时忽略“WDRMode”的左侧
  (编译源文件“core/alAELib_iAE.cpp”)
  
D:\3aalgo\3a-tmp\3a\AE\RGB\JG_AE\core\alAELib_iAE.cpp(158,19): warning C4018: “<”: 有符号/无符号不匹配
D:\3aalgo\3a-tmp\3a\AE\RGB\JG_AE\core\alAELib_iAE.cpp(158,19): warning C4018: “>”: 有符号/无符号不匹配
D:\3aalgo\3a-tmp\3a\AE\RGB\JG_AE\core\alAELib_iAE.cpp(261,24): warning C4244: “初始化”: 从“double”转换到“UINT32”，可能丢失数据
  table.cpp
D:\3aalgo\3a-tmp\3a\AE\RGB\JG_AE\core\include\MyLog.h(25,2): warning C4091: “typedef ”: 没有声明变量时忽略“LogLevel_em”的左侧
  (编译源文件“core/table.cpp”)
  
D:\3aalgo\3a-tmp\3a\AE\RGB\JG_AE\core\include\MyLog.h(269,14): warning C4267: “=”: 从“size_t”转换到“int”，可能丢失数据
  (编译源文件“core/table.cpp”)
  
D:\3aalgo\3a-tmp\3a\AE\RGB\JG_AE\core\include\MyLog.h(272,9): warning C4267: “初始化”: 从“size_t”转换到“int”，可能丢失数据
  (编译源文件“core/table.cpp”)
  
D:\3aalgo\3a-tmp\3a\AE\RGB\JG_AE\core\include\AE_Lib_core.h(203,2): warning C4091: “typedef ”: 没有声明变量时忽略“WDRMode”的左侧
  (编译源文件“core/table.cpp”)
  
D:\3aalgo\3a-tmp\3a\AE\RGB\JG_AE\core\include\table.h(15,2): warning C4091: “typedef ”: 没有声明变量时忽略“eAETableID”的左侧
  (编译源文件“core/table.cpp”)
  
D:\3aalgo\3a-tmp\3a\AE\RGB\JG_AE\core\include\table.h(79,2): warning C4091: “typedef ”: 没有声明变量时忽略“strAETable”的左侧
  (编译源文件“core/table.cpp”)
  
D:\3aalgo\3a-tmp\3a\AE\RGB\JG_AE\core\include\table.h(182,2): warning C4091: “typedef ”: 没有声明变量时忽略“strAETarget”的左侧
  (编译源文件“core/table.cpp”)
  
D:\3aalgo\3a-tmp\3a\AE\RGB\JG_AE\core\table.cpp(46,16): warning C4244: “初始化”: 从“float”转换到“UINT32”，可能丢失数据
D:\3aalgo\3a-tmp\3a\AE\RGB\JG_AE\core\table.cpp(64,16): warning C4244: “初始化”: 从“int”转换到“float”，可能丢失数据
D:\3aalgo\3a-tmp\3a\AE\RGB\JG_AE\core\table.cpp(65,13): warning C4244: “初始化”: 从“int”转换到“float”，可能丢失数据
D:\3aalgo\3a-tmp\3a\AE\RGB\JG_AE\core\table.cpp(67,14): warning C4244: “初始化”: 从“double”转换到“float”，可能丢失数据
D:\3aalgo\3a-tmp\3a\AE\RGB\JG_AE\core\table.cpp(74,31): warning C4244: “=”: 从“int”转换到“float”，可能丢失数据
D:\3aalgo\3a-tmp\3a\AE\RGB\JG_AE\core\table.cpp(87,34): warning C4244: “=”: 从“int”转换到“float”，可能丢失数据
D:\3aalgo\3a-tmp\3a\AE\RGB\JG_AE\core\table.cpp(97,17): warning C4244: “初始化”: 从“float”转换到“int”，可能丢失数据
D:\3aalgo\3a-tmp\3a\AE\RGB\JG_AE\core\table.cpp(101,20): warning C4244: “=”: 从“float”转换到“UINT32”，可能丢失数据
D:\3aalgo\3a-tmp\3a\AE\RGB\JG_AE\core\table.cpp(102,34): warning C4244: “=”: 从“float”转换到“UINT32”，可能丢失数据
D:\3aalgo\3a-tmp\3a\AE\RGB\JG_AE\core\table.cpp(202,115): warning C4244: “=”: 从“double”转换到“float”，可能丢失数据
  IspSoftAeApi.cpp
D:\3aalgo\3a-tmp\3a\AE\RGB\JG_AE\core\include\MyLog.h(25,2): warning C4091: “typedef ”: 没有声明变量时忽略“LogLevel_em”的左侧
  (编译源文件“IspSoftAeApi.cpp”)
  
D:\3aalgo\3a-tmp\3a\AE\RGB\JG_AE\core\include\MyLog.h(269,14): warning C4267: “=”: 从“size_t”转换到“int”，可能丢失数据
  (编译源文件“IspSoftAeApi.cpp”)
  
D:\3aalgo\3a-tmp\3a\AE\RGB\JG_AE\core\include\MyLog.h(272,9): warning C4267: “初始化”: 从“size_t”转换到“int”，可能丢失数据
  (编译源文件“IspSoftAeApi.cpp”)
  
D:\3aalgo\3a-tmp\3a\AE\RGB\JG_AE\IspSoftAeApi.cpp(54,17): warning C4267: “初始化”: 从“size_t”转换到“int”，可能丢失数据
D:\3aalgo\3a-tmp\3a\AE\RGB\JG_AE\IspSoftAeApi.cpp(76,48): warning C4244: “=”: 从“float”转换到“uint32_t”，可能丢失数据
D:\3aalgo\3a-tmp\3a\AE\RGB\JG_AE\IspSoftAeApi.cpp(83,41): warning C4244: “=”: 从“float”转换到“uint16_t”，可能丢失数据
D:\3aalgo\3a-tmp\3a\AE\RGB\JG_AE\IspSoftAeApi.cpp(660,81): warning C4244: “=”: 从“float”转换到“UINT32”，可能丢失数据
D:\3aalgo\3a-tmp\3a\AE\RGB\JG_AE\IspSoftAeApi.cpp(662,68): warning C4244: “=”: 从“float”转换到“UINT16”，可能丢失数据
D:\3aalgo\3a-tmp\3a\AE\RGB\JG_AE\IspSoftAeApi.cpp(680,50): warning C4244: “=”: 从“uint16_t”转换到“UINT8”，可能丢失数据
D:\3aalgo\3a-tmp\3a\AE\RGB\JG_AE\IspSoftAeApi.cpp(681,51): warning C4244: “=”: 从“uint16_t”转换到“UINT8”，可能丢失数据
D:\3aalgo\3a-tmp\3a\AE\RGB\JG_AE\IspSoftAeApi.cpp(729,53): warning C4244: “=”: 从“uint32_t”转换到“float”，可能丢失数据
D:\3aalgo\3a-tmp\3a\AE\RGB\JG_AE\IspSoftAeApi.cpp(730,58): warning C4244: “=”: 从“UINT32”转换到“float”，可能丢失数据
D:\3aalgo\3a-tmp\3a\AE\RGB\JG_AE\IspSoftAeApi.cpp(747,19): warning C4101: “out_buffer”: 未引用的局部变量
D:\3aalgo\3a-tmp\3a\AE\RGB\JG_AE\IspSoftAeApi.cpp(810,15): warning C4273: “IspSoftAeLoad”: dll 链接不一致
  D:\3aalgo\3a-tmp\3a\AE\RGB\JG_AE\IspSoftAeApi.h(77,33):
  参见“IspSoftAeLoad”的前一个定义
  
  test.cpp
D:\3aalgo\3a-tmp\3a\AE\RGB\JG_AE\test.cpp(237,17): warning C4244: “初始化”: 从“std::streamoff”转换到“int”，可能丢失数据
D:\3aalgo\3a-tmp\3a\AE\RGB\JG_AE\test.cpp(245,14): warning C4244: “初始化”: 从“std::streamoff”转换到“int”，可能丢失数据
D:\3aalgo\3a-tmp\3a\AE\RGB\JG_AE\test.cpp(297,18): warning C4244: “初始化”: 从“std::streamoff”转换到“int”，可能丢失数据
D:\3aalgo\3a-tmp\3a\AE\RGB\JG_AE\test.cpp(322,17): warning C4244: “初始化”: 从“std::streamoff”转换到“int”，可能丢失数据
D:\3aalgo\3a-tmp\3a\AE\RGB\JG_AE\test.cpp(331,17): warning C4244: “初始化”: 从“std::streamoff”转换到“int”，可能丢失数据
    正在创建库 D:\3aalgo\3a-tmp\3a\AE\RGB\JG_AE\x64\Release\JG_AE.lib 和对象 D:\3aalgo\3a-tmp\3a\AE\RGB\JG_AE\x64\Release\JG_AE.exp
  正在生成代码
  Previous IPDB not found, fall back to full compilation.
  All 913 functions were compiled because no usable IPDB/IOBJ from previous compilation was found.
  已完成代码的生成
  AL_AE.vcxproj -> D:\3aalgo\3a-tmp\3a\AE\RGB\JG_AE\x64\Release\JG_AE.dll
