d:\3aalgo\3a-tmp\3a\ae\rgb\hulk_ae\al_ae\x64\release\vc143.pdb
d:\3aalgo\3a-tmp\3a\ae\rgb\hulk_ae\al_ae\x64\release\test.obj
d:\3aalgo\3a-tmp\3a\ae\rgb\hulk_ae\al_ae\x64\release\ispsoftaeapi.obj
d:\3aalgo\3a-tmp\3a\ae\rgb\hulk_ae\al_ae\x64\release\table.obj
d:\3aalgo\3a-tmp\3a\ae\rgb\hulk_ae\al_ae\x64\release\alaelib_iae.obj
d:\3aalgo\3a-tmp\3a\ae\rgb\hulk_ae\al_ae\x64\release\alaelibcore.obj
d:\3aalgo\3a-tmp\3a\ae\rgb\hulk_ae\x64\release\hulk_ae.dll
d:\3aalgo\3a-tmp\3a\ae\rgb\hulk_ae\x64\release\hulk_ae.pdb
d:\3aalgo\3a-tmp\3a\ae\rgb\hulk_ae\al_ae\x64\release\al_ae.res
d:\3aalgo\3a-tmp\3a\ae\rgb\hulk_ae\x64\release\hulk_ae.lib
d:\3aalgo\3a-tmp\3a\ae\rgb\hulk_ae\x64\release\hulk_ae.exp
d:\3aalgo\3a-tmp\3a\ae\rgb\hulk_ae\al_ae\x64\release\hulk_ae.ipdb
d:\3aalgo\3a-tmp\3a\ae\rgb\hulk_ae\al_ae\x64\release\hulk_ae.iobj
d:\3aalgo\3a-tmp\3a\ae\rgb\jg_ae\al_ae\x64\release\alaelibcore.obj
d:\3aalgo\3a-tmp\3a\ae\rgb\jg_ae\al_ae\x64\release\alaelib_iae.obj
d:\3aalgo\3a-tmp\3a\ae\rgb\jg_ae\al_ae\x64\release\ispsoftaeapi.obj
d:\3aalgo\3a-tmp\3a\ae\rgb\jg_ae\al_ae\x64\release\table.obj
d:\3aalgo\3a-tmp\3a\ae\rgb\jg_ae\al_ae\x64\release\test.obj
d:\3aalgo\3a-tmp\3a\ae\rgb\jg_ae\al_ae\x64\release\hulk_ae.ipdb
d:\3aalgo\3a-tmp\3a\ae\rgb\jg_ae\al_ae\x64\release\hulk_ae.iobj
d:\3aalgo\3a-tmp\3a\ae\rgb\jg_ae\al_ae\x64\release\al_ae.res
d:\3aalgo\3a-tmp\3a\ae\rgb\jg_ae\al_ae\x64\release\vc143.pdb
d:\3aalgo\3a-tmp\3a\ae\rgb\jg_ae\x64\release\hulk_ae.pdb
d:\3aalgo\3a-tmp\3a\ae\rgb\jg_ae\x64\release\hulk_ae.dll
d:\3aalgo\3a-tmp\3a\ae\rgb\jg_ae\al_ae\x64\release\al_ae.tlog\cl.command.1.tlog
d:\3aalgo\3a-tmp\3a\ae\rgb\jg_ae\al_ae\x64\release\al_ae.tlog\cl.items.tlog
d:\3aalgo\3a-tmp\3a\ae\rgb\jg_ae\al_ae\x64\release\al_ae.tlog\cl.read.1.tlog
d:\3aalgo\3a-tmp\3a\ae\rgb\jg_ae\al_ae\x64\release\al_ae.tlog\cl.write.1.tlog
d:\3aalgo\3a-tmp\3a\ae\rgb\jg_ae\al_ae\x64\release\al_ae.tlog\link.command.1.tlog
d:\3aalgo\3a-tmp\3a\ae\rgb\jg_ae\al_ae\x64\release\al_ae.tlog\link.read.1.tlog
d:\3aalgo\3a-tmp\3a\ae\rgb\jg_ae\al_ae\x64\release\al_ae.tlog\link.secondary.1.tlog
d:\3aalgo\3a-tmp\3a\ae\rgb\jg_ae\al_ae\x64\release\al_ae.tlog\link.write.1.tlog
d:\3aalgo\3a-tmp\3a\ae\rgb\jg_ae\al_ae\x64\release\al_ae.tlog\rc.command.1.tlog
d:\3aalgo\3a-tmp\3a\ae\rgb\jg_ae\al_ae\x64\release\al_ae.tlog\rc.read.1.tlog
d:\3aalgo\3a-tmp\3a\ae\rgb\jg_ae\al_ae\x64\release\al_ae.tlog\rc.write.1.tlog
