  ae.cpp
  cl_version.h: CL_TARGET_OPENCL_VERSION is not defined. Defaulting to 300 (OpenCL 3.0)
L:\code\development\compile\RawToBGR\ocl.hpp(16): warning C4068: 未知的杂注
L:\code\development\compile\RawToBGR\ocl.hpp(55): warning C4477: “printf”: 格式字符串“%u”需要类型“unsigned int”的参数，但可变参数 1 拥有了类型“size_t”
  L:\code\development\compile\RawToBGR\ocl.hpp(55): note: 请考虑在格式字符串中使用“%zu”
L:\code\development\compile\RawToBGR\ocl.hpp(60): warning C4477: “printf”: 格式字符串“%u”需要类型“unsigned int”的参数，但可变参数 1 拥有了类型“size_t”
  L:\code\development\compile\RawToBGR\ocl.hpp(60): note: 请考虑在格式字符串中使用“%zu”
L:\code\development\compile\RawToBGR\ocl.hpp(60): warning C4477: “printf”: 格式字符串“%u”需要类型“unsigned int”的参数，但可变参数 2 拥有了类型“size_t”
  L:\code\development\compile\RawToBGR\ocl.hpp(60): note: 请考虑在格式字符串中使用“%zu”
L:\code\development\compile\RawToBGR\ocl.hpp(60): warning C4477: “printf”: 格式字符串“%u”需要类型“unsigned int”的参数，但可变参数 3 拥有了类型“size_t”
  L:\code\development\compile\RawToBGR\ocl.hpp(60): note: 请考虑在格式字符串中使用“%zu”
L:\code\development\compile\RawToBGR\ocl.hpp(65): warning C4477: “printf”: 格式字符串“%u”需要类型“unsigned int”的参数，但可变参数 1 拥有了类型“size_t”
  L:\code\development\compile\RawToBGR\ocl.hpp(65): note: 请考虑在格式字符串中使用“%zu”
L:\code\development\compile\RawToBGR\ocl.hpp(132): warning C4477: “printf”: 格式字符串“%u”需要类型“unsigned int”的参数，但可变参数 1 拥有了类型“size_t”
  L:\code\development\compile\RawToBGR\ocl.hpp(132): note: 请考虑在格式字符串中使用“%zu”
L:\code\development\compile\RawToBGR\ocl.hpp(134): warning C4477: “printf”: 格式字符串“%u”需要类型“unsigned int”的参数，但可变参数 1 拥有了类型“size_t”
  L:\code\development\compile\RawToBGR\ocl.hpp(134): note: 请考虑在格式字符串中使用“%zu”
L:\code\development\compile\RawToBGR\ocl.hpp(136): warning C4477: “printf”: 格式字符串“%u”需要类型“unsigned int”的参数，但可变参数 1 拥有了类型“size_t”
  L:\code\development\compile\RawToBGR\ocl.hpp(136): note: 请考虑在格式字符串中使用“%zu”
L:\code\development\compile\RawToBGR\ocl.hpp(138): warning C4477: “printf”: 格式字符串“%u”需要类型“unsigned int”的参数，但可变参数 1 拥有了类型“size_t”
  L:\code\development\compile\RawToBGR\ocl.hpp(138): note: 请考虑在格式字符串中使用“%zu”
L:\code\development\compile\RawToBGR\ocl.hpp(140): warning C4477: “printf”: 格式字符串“%u”需要类型“unsigned int”的参数，但可变参数 1 拥有了类型“size_t”
  L:\code\development\compile\RawToBGR\ocl.hpp(140): note: 请考虑在格式字符串中使用“%zu”
L:\code\development\compile\RawToBGR\raw2bgr.hpp(206): warning C4244: “=”: 从“float”转换到“uchar”，可能丢失数据
L:\code\development\compile\RawToBGR\raw2bgr.hpp(219): warning C4244: “=”: 从“float”转换到“uchar”，可能丢失数据
L:\code\development\compile\RawToBGR\raw2bgr.hpp(226): warning C4244: “=”: 从“float”转换到“ushort”，可能丢失数据
L:\code\development\compile\RawToBGR\raw2bgr.hpp(392): warning C4244: “初始化”: 从“cl_ulong”转换到“double”，可能丢失数据
L:\code\development\compile\RawToBGR\raw2bgr.hpp(332): warning C4101: “num_groups”: 未引用的局部变量
L:\code\development\compile\RawToBGR\raw2bgr.hpp(506): warning C4244: “初始化”: 从“cl_ulong”转换到“double”，可能丢失数据
L:\code\development\compile\RawToBGR\raw2bgr.hpp(543): warning C4244: “初始化”: 从“cl_ulong”转换到“double”，可能丢失数据
L:\code\development\compile\RawToBGR\raw2bgr.hpp(654): warning C4838: 从“int”转换到“size_t”需要收缩转换
L:\code\development\compile\RawToBGR\raw2bgr.hpp(700): warning C4244: “初始化”: 从“cl_ulong”转换到“double”，可能丢失数据
L:\code\development\compile\RawToBGR\raw2bgr.hpp(772): warning C4838: 从“int”转换到“size_t”需要收缩转换
L:\code\development\compile\RawToBGR\raw2bgr.hpp(811): warning C4244: “初始化”: 从“cl_ulong”转换到“double”，可能丢失数据
L:\code\development\compile\RawToBGR\raw2bgr.hpp(907): warning C4838: 从“int”转换到“size_t”需要收缩转换
L:\code\development\compile\RawToBGR\raw2bgr.hpp(920): warning C4838: 从“int”转换到“size_t”需要收缩转换
L:\code\development\compile\RawToBGR\raw2bgr.hpp(971): warning C4244: “初始化”: 从“cl_ulong”转换到“double”，可能丢失数据
L:\code\development\compile\RawToBGR\InterfaceData.h(12): warning C4091: “typedef ”: 没有声明变量时忽略“AEC_stats”的左侧
L:\code\development\compile\RawToBGR\InterfaceData.h(20): warning C4091: “typedef ”: 没有声明变量时忽略“FaceInfo”的左侧
L:\code\development\compile\RawToBGR\InterfaceData.h(25): warning C4091: “typedef ”: 没有声明变量时忽略“FlickInfo”的左侧
L:\code\development\compile\RawToBGR\InterfaceData.h(36): warning C4091: “typedef ”: 没有声明变量时忽略“ImgInfo”的左侧
L:\code\development\compile\RawToBGR\InterfaceData.h(42): warning C4091: “typedef ”: 没有声明变量时忽略“SensorInfo”的左侧
L:\code\development\compile\RawToBGR\InterfaceData.h(49): warning C4091: “typedef ”: 没有声明变量时忽略“APEX”的左侧
L:\code\development\compile\RawToBGR\InterfaceData.h(61): warning C4091: “typedef ”: 没有声明变量时忽略“AECTuningData”的左侧
L:\code\development\compile\RawToBGR\InterfaceData.h(73): warning C4091: “typedef ”: 没有声明变量时忽略“InitParma”的左侧
L:\code\development\compile\RawToBGR\InterfaceData.h(100): warning C4091: “typedef ”: 没有声明变量时忽略“AECSetParam”的左侧
L:\code\development\compile\RawToBGR\InterfaceData.h(109): warning C4091: “typedef ”: 没有声明变量时忽略“AEC_algo_input”的左侧
L:\code\development\compile\RawToBGR\InterfaceData.h(114): warning C4091: “typedef ”: 没有声明变量时忽略“AEC_algo_out”的左侧
L:\code\development\compile\RawToBGR\aecAlgo.h(42): warning C4305: “初始化”: 从“double”到“float”截断
L:\code\development\compile\RawToBGR\aecAlgo.h(59): warning C4305: “初始化”: 从“double”到“float”截断
L:\code\development\compile\RawToBGR\aecAlgo.h(61): warning C4305: “初始化”: 从“double”到“float”截断
L:\code\development\compile\RawToBGR\aecAlgo.h(62): warning C4305: “初始化”: 从“double”到“float”截断
  awb.cpp
  cl_version.h: CL_TARGET_OPENCL_VERSION is not defined. Defaulting to 300 (OpenCL 3.0)
L:\code\development\compile\RawToBGR\ocl.hpp(16): warning C4068: 未知的杂注
L:\code\development\compile\RawToBGR\ocl.hpp(55): warning C4477: “printf”: 格式字符串“%u”需要类型“unsigned int”的参数，但可变参数 1 拥有了类型“size_t”
  L:\code\development\compile\RawToBGR\ocl.hpp(55): note: 请考虑在格式字符串中使用“%zu”
L:\code\development\compile\RawToBGR\ocl.hpp(60): warning C4477: “printf”: 格式字符串“%u”需要类型“unsigned int”的参数，但可变参数 1 拥有了类型“size_t”
  L:\code\development\compile\RawToBGR\ocl.hpp(60): note: 请考虑在格式字符串中使用“%zu”
L:\code\development\compile\RawToBGR\ocl.hpp(60): warning C4477: “printf”: 格式字符串“%u”需要类型“unsigned int”的参数，但可变参数 2 拥有了类型“size_t”
  L:\code\development\compile\RawToBGR\ocl.hpp(60): note: 请考虑在格式字符串中使用“%zu”
L:\code\development\compile\RawToBGR\ocl.hpp(60): warning C4477: “printf”: 格式字符串“%u”需要类型“unsigned int”的参数，但可变参数 3 拥有了类型“size_t”
  L:\code\development\compile\RawToBGR\ocl.hpp(60): note: 请考虑在格式字符串中使用“%zu”
L:\code\development\compile\RawToBGR\ocl.hpp(65): warning C4477: “printf”: 格式字符串“%u”需要类型“unsigned int”的参数，但可变参数 1 拥有了类型“size_t”
  L:\code\development\compile\RawToBGR\ocl.hpp(65): note: 请考虑在格式字符串中使用“%zu”
L:\code\development\compile\RawToBGR\ocl.hpp(132): warning C4477: “printf”: 格式字符串“%u”需要类型“unsigned int”的参数，但可变参数 1 拥有了类型“size_t”
  L:\code\development\compile\RawToBGR\ocl.hpp(132): note: 请考虑在格式字符串中使用“%zu”
L:\code\development\compile\RawToBGR\ocl.hpp(134): warning C4477: “printf”: 格式字符串“%u”需要类型“unsigned int”的参数，但可变参数 1 拥有了类型“size_t”
  L:\code\development\compile\RawToBGR\ocl.hpp(134): note: 请考虑在格式字符串中使用“%zu”
L:\code\development\compile\RawToBGR\ocl.hpp(136): warning C4477: “printf”: 格式字符串“%u”需要类型“unsigned int”的参数，但可变参数 1 拥有了类型“size_t”
  L:\code\development\compile\RawToBGR\ocl.hpp(136): note: 请考虑在格式字符串中使用“%zu”
L:\code\development\compile\RawToBGR\ocl.hpp(138): warning C4477: “printf”: 格式字符串“%u”需要类型“unsigned int”的参数，但可变参数 1 拥有了类型“size_t”
  L:\code\development\compile\RawToBGR\ocl.hpp(138): note: 请考虑在格式字符串中使用“%zu”
L:\code\development\compile\RawToBGR\ocl.hpp(140): warning C4477: “printf”: 格式字符串“%u”需要类型“unsigned int”的参数，但可变参数 1 拥有了类型“size_t”
  L:\code\development\compile\RawToBGR\ocl.hpp(140): note: 请考虑在格式字符串中使用“%zu”
L:\code\development\compile\RawToBGR\raw2bgr.hpp(206): warning C4244: “=”: 从“float”转换到“uchar”，可能丢失数据
L:\code\development\compile\RawToBGR\raw2bgr.hpp(219): warning C4244: “=”: 从“float”转换到“uchar”，可能丢失数据
L:\code\development\compile\RawToBGR\raw2bgr.hpp(226): warning C4244: “=”: 从“float”转换到“ushort”，可能丢失数据
L:\code\development\compile\RawToBGR\raw2bgr.hpp(392): warning C4244: “初始化”: 从“cl_ulong”转换到“double”，可能丢失数据
L:\code\development\compile\RawToBGR\raw2bgr.hpp(332): warning C4101: “num_groups”: 未引用的局部变量
L:\code\development\compile\RawToBGR\raw2bgr.hpp(506): warning C4244: “初始化”: 从“cl_ulong”转换到“double”，可能丢失数据
L:\code\development\compile\RawToBGR\raw2bgr.hpp(543): warning C4244: “初始化”: 从“cl_ulong”转换到“double”，可能丢失数据
L:\code\development\compile\RawToBGR\raw2bgr.hpp(654): warning C4838: 从“int”转换到“size_t”需要收缩转换
L:\code\development\compile\RawToBGR\raw2bgr.hpp(700): warning C4244: “初始化”: 从“cl_ulong”转换到“double”，可能丢失数据
L:\code\development\compile\RawToBGR\raw2bgr.hpp(772): warning C4838: 从“int”转换到“size_t”需要收缩转换
L:\code\development\compile\RawToBGR\raw2bgr.hpp(811): warning C4244: “初始化”: 从“cl_ulong”转换到“double”，可能丢失数据
L:\code\development\compile\RawToBGR\raw2bgr.hpp(907): warning C4838: 从“int”转换到“size_t”需要收缩转换
L:\code\development\compile\RawToBGR\raw2bgr.hpp(920): warning C4838: 从“int”转换到“size_t”需要收缩转换
L:\code\development\compile\RawToBGR\raw2bgr.hpp(971): warning C4244: “初始化”: 从“cl_ulong”转换到“double”，可能丢失数据
L:\code\development\compile\RawToBGR\gxr_awb.hpp(48): warning C4305: “初始化”: 从“double”到“float”截断
L:\code\development\compile\RawToBGR\gxr_awb.hpp(51): warning C4305: “初始化”: 从“double”到“float”截断
L:\code\development\compile\RawToBGR\gxr_awb.hpp(54): warning C4305: “初始化”: 从“double”到“float”截断
L:\code\development\compile\RawToBGR\gxr_awb.hpp(57): warning C4305: “初始化”: 从“double”到“float”截断
L:\code\development\compile\RawToBGR\gxr_awb.hpp(60): warning C4305: “初始化”: 从“double”到“float”截断
L:\code\development\compile\RawToBGR\awb.cpp(35): warning C4267: “参数”: 从“size_t”转换到“int”，可能丢失数据
L:\code\development\compile\RawToBGR\awb.cpp(63): warning C4267: “初始化”: 从“size_t”转换到“int”，可能丢失数据
  gxr_softisp.cpp
  cl_version.h: CL_TARGET_OPENCL_VERSION is not defined. Defaulting to 300 (OpenCL 3.0)
L:\code\development\compile\RawToBGR\ocl.hpp(16): warning C4068: 未知的杂注
L:\code\development\compile\RawToBGR\ocl.hpp(55): warning C4477: “printf”: 格式字符串“%u”需要类型“unsigned int”的参数，但可变参数 1 拥有了类型“size_t”
  L:\code\development\compile\RawToBGR\ocl.hpp(55): note: 请考虑在格式字符串中使用“%zu”
L:\code\development\compile\RawToBGR\ocl.hpp(60): warning C4477: “printf”: 格式字符串“%u”需要类型“unsigned int”的参数，但可变参数 1 拥有了类型“size_t”
  L:\code\development\compile\RawToBGR\ocl.hpp(60): note: 请考虑在格式字符串中使用“%zu”
L:\code\development\compile\RawToBGR\ocl.hpp(60): warning C4477: “printf”: 格式字符串“%u”需要类型“unsigned int”的参数，但可变参数 2 拥有了类型“size_t”
  L:\code\development\compile\RawToBGR\ocl.hpp(60): note: 请考虑在格式字符串中使用“%zu”
L:\code\development\compile\RawToBGR\ocl.hpp(60): warning C4477: “printf”: 格式字符串“%u”需要类型“unsigned int”的参数，但可变参数 3 拥有了类型“size_t”
  L:\code\development\compile\RawToBGR\ocl.hpp(60): note: 请考虑在格式字符串中使用“%zu”
L:\code\development\compile\RawToBGR\ocl.hpp(65): warning C4477: “printf”: 格式字符串“%u”需要类型“unsigned int”的参数，但可变参数 1 拥有了类型“size_t”
  L:\code\development\compile\RawToBGR\ocl.hpp(65): note: 请考虑在格式字符串中使用“%zu”
L:\code\development\compile\RawToBGR\ocl.hpp(132): warning C4477: “printf”: 格式字符串“%u”需要类型“unsigned int”的参数，但可变参数 1 拥有了类型“size_t”
  L:\code\development\compile\RawToBGR\ocl.hpp(132): note: 请考虑在格式字符串中使用“%zu”
L:\code\development\compile\RawToBGR\ocl.hpp(134): warning C4477: “printf”: 格式字符串“%u”需要类型“unsigned int”的参数，但可变参数 1 拥有了类型“size_t”
  L:\code\development\compile\RawToBGR\ocl.hpp(134): note: 请考虑在格式字符串中使用“%zu”
L:\code\development\compile\RawToBGR\ocl.hpp(136): warning C4477: “printf”: 格式字符串“%u”需要类型“unsigned int”的参数，但可变参数 1 拥有了类型“size_t”
  L:\code\development\compile\RawToBGR\ocl.hpp(136): note: 请考虑在格式字符串中使用“%zu”
L:\code\development\compile\RawToBGR\ocl.hpp(138): warning C4477: “printf”: 格式字符串“%u”需要类型“unsigned int”的参数，但可变参数 1 拥有了类型“size_t”
  L:\code\development\compile\RawToBGR\ocl.hpp(138): note: 请考虑在格式字符串中使用“%zu”
L:\code\development\compile\RawToBGR\ocl.hpp(140): warning C4477: “printf”: 格式字符串“%u”需要类型“unsigned int”的参数，但可变参数 1 拥有了类型“size_t”
  L:\code\development\compile\RawToBGR\ocl.hpp(140): note: 请考虑在格式字符串中使用“%zu”
L:\code\development\compile\RawToBGR\raw2bgr.hpp(206): warning C4244: “=”: 从“float”转换到“uchar”，可能丢失数据
L:\code\development\compile\RawToBGR\raw2bgr.hpp(219): warning C4244: “=”: 从“float”转换到“uchar”，可能丢失数据
L:\code\development\compile\RawToBGR\raw2bgr.hpp(226): warning C4244: “=”: 从“float”转换到“ushort”，可能丢失数据
L:\code\development\compile\RawToBGR\raw2bgr.hpp(392): warning C4244: “初始化”: 从“cl_ulong”转换到“double”，可能丢失数据
L:\code\development\compile\RawToBGR\raw2bgr.hpp(332): warning C4101: “num_groups”: 未引用的局部变量
L:\code\development\compile\RawToBGR\raw2bgr.hpp(506): warning C4244: “初始化”: 从“cl_ulong”转换到“double”，可能丢失数据
L:\code\development\compile\RawToBGR\raw2bgr.hpp(543): warning C4244: “初始化”: 从“cl_ulong”转换到“double”，可能丢失数据
L:\code\development\compile\RawToBGR\raw2bgr.hpp(654): warning C4838: 从“int”转换到“size_t”需要收缩转换
L:\code\development\compile\RawToBGR\raw2bgr.hpp(700): warning C4244: “初始化”: 从“cl_ulong”转换到“double”，可能丢失数据
L:\code\development\compile\RawToBGR\raw2bgr.hpp(772): warning C4838: 从“int”转换到“size_t”需要收缩转换
L:\code\development\compile\RawToBGR\raw2bgr.hpp(811): warning C4244: “初始化”: 从“cl_ulong”转换到“double”，可能丢失数据
L:\code\development\compile\RawToBGR\raw2bgr.hpp(907): warning C4838: 从“int”转换到“size_t”需要收缩转换
L:\code\development\compile\RawToBGR\raw2bgr.hpp(920): warning C4838: 从“int”转换到“size_t”需要收缩转换
L:\code\development\compile\RawToBGR\raw2bgr.hpp(971): warning C4244: “初始化”: 从“cl_ulong”转换到“double”，可能丢失数据
L:\code\development\compile\RawToBGR\gxr_softisp.cpp(44): warning C4244: “初始化”: 从“double”转换到“float”，可能丢失数据
L:\code\development\compile\RawToBGR\gxr_softisp.cpp(45): warning C4244: “初始化”: 从“float”转换到“int”，可能丢失数据
L:\code\development\compile\RawToBGR\gxr_softisp.cpp(49): warning C4244: “参数”: 从“_Ty”转换到“const Tp”，可能丢失数据
          with
          [
              _Ty=float
          ]
          and
          [
              Tp=int
          ]
L:\code\development\compile\RawToBGR\gxr_softisp.cpp(165): warning C4244: “=”: 从“float”转换到“unsigned int”，可能丢失数据
L:\code\development\compile\RawToBGR\gxr_softisp.cpp(173): warning C4244: “初始化”: 从“float”转换到“int”，可能丢失数据
L:\code\development\compile\RawToBGR\gxr_softisp.cpp(198): warning C4477: “fprintf”: 格式字符串“%.3f”需要类型“double”的参数，但可变参数 41 拥有了类型“unsigned int”
  raw2bgr.cpp
  cl_version.h: CL_TARGET_OPENCL_VERSION is not defined. Defaulting to 300 (OpenCL 3.0)
L:\code\development\compile\RawToBGR\ocl.hpp(16): warning C4068: 未知的杂注
L:\code\development\compile\RawToBGR\ocl.hpp(55): warning C4477: “printf”: 格式字符串“%u”需要类型“unsigned int”的参数，但可变参数 1 拥有了类型“size_t”
  L:\code\development\compile\RawToBGR\ocl.hpp(55): note: 请考虑在格式字符串中使用“%zu”
L:\code\development\compile\RawToBGR\ocl.hpp(60): warning C4477: “printf”: 格式字符串“%u”需要类型“unsigned int”的参数，但可变参数 1 拥有了类型“size_t”
  L:\code\development\compile\RawToBGR\ocl.hpp(60): note: 请考虑在格式字符串中使用“%zu”
L:\code\development\compile\RawToBGR\ocl.hpp(60): warning C4477: “printf”: 格式字符串“%u”需要类型“unsigned int”的参数，但可变参数 2 拥有了类型“size_t”
  L:\code\development\compile\RawToBGR\ocl.hpp(60): note: 请考虑在格式字符串中使用“%zu”
L:\code\development\compile\RawToBGR\ocl.hpp(60): warning C4477: “printf”: 格式字符串“%u”需要类型“unsigned int”的参数，但可变参数 3 拥有了类型“size_t”
  L:\code\development\compile\RawToBGR\ocl.hpp(60): note: 请考虑在格式字符串中使用“%zu”
L:\code\development\compile\RawToBGR\ocl.hpp(65): warning C4477: “printf”: 格式字符串“%u”需要类型“unsigned int”的参数，但可变参数 1 拥有了类型“size_t”
  L:\code\development\compile\RawToBGR\ocl.hpp(65): note: 请考虑在格式字符串中使用“%zu”
L:\code\development\compile\RawToBGR\ocl.hpp(132): warning C4477: “printf”: 格式字符串“%u”需要类型“unsigned int”的参数，但可变参数 1 拥有了类型“size_t”
  L:\code\development\compile\RawToBGR\ocl.hpp(132): note: 请考虑在格式字符串中使用“%zu”
L:\code\development\compile\RawToBGR\ocl.hpp(134): warning C4477: “printf”: 格式字符串“%u”需要类型“unsigned int”的参数，但可变参数 1 拥有了类型“size_t”
  L:\code\development\compile\RawToBGR\ocl.hpp(134): note: 请考虑在格式字符串中使用“%zu”
L:\code\development\compile\RawToBGR\ocl.hpp(136): warning C4477: “printf”: 格式字符串“%u”需要类型“unsigned int”的参数，但可变参数 1 拥有了类型“size_t”
  L:\code\development\compile\RawToBGR\ocl.hpp(136): note: 请考虑在格式字符串中使用“%zu”
L:\code\development\compile\RawToBGR\ocl.hpp(138): warning C4477: “printf”: 格式字符串“%u”需要类型“unsigned int”的参数，但可变参数 1 拥有了类型“size_t”
  L:\code\development\compile\RawToBGR\ocl.hpp(138): note: 请考虑在格式字符串中使用“%zu”
L:\code\development\compile\RawToBGR\ocl.hpp(140): warning C4477: “printf”: 格式字符串“%u”需要类型“unsigned int”的参数，但可变参数 1 拥有了类型“size_t”
  L:\code\development\compile\RawToBGR\ocl.hpp(140): note: 请考虑在格式字符串中使用“%zu”
L:\code\development\compile\RawToBGR\raw2bgr.hpp(206): warning C4244: “=”: 从“float”转换到“uchar”，可能丢失数据
L:\code\development\compile\RawToBGR\raw2bgr.hpp(219): warning C4244: “=”: 从“float”转换到“uchar”，可能丢失数据
L:\code\development\compile\RawToBGR\raw2bgr.hpp(226): warning C4244: “=”: 从“float”转换到“ushort”，可能丢失数据
L:\code\development\compile\RawToBGR\raw2bgr.hpp(392): warning C4244: “初始化”: 从“cl_ulong”转换到“double”，可能丢失数据
L:\code\development\compile\RawToBGR\raw2bgr.hpp(332): warning C4101: “num_groups”: 未引用的局部变量
L:\code\development\compile\RawToBGR\raw2bgr.hpp(506): warning C4244: “初始化”: 从“cl_ulong”转换到“double”，可能丢失数据
L:\code\development\compile\RawToBGR\raw2bgr.hpp(543): warning C4244: “初始化”: 从“cl_ulong”转换到“double”，可能丢失数据
L:\code\development\compile\RawToBGR\raw2bgr.hpp(654): warning C4838: 从“int”转换到“size_t”需要收缩转换
L:\code\development\compile\RawToBGR\raw2bgr.hpp(700): warning C4244: “初始化”: 从“cl_ulong”转换到“double”，可能丢失数据
L:\code\development\compile\RawToBGR\raw2bgr.hpp(772): warning C4838: 从“int”转换到“size_t”需要收缩转换
L:\code\development\compile\RawToBGR\raw2bgr.hpp(811): warning C4244: “初始化”: 从“cl_ulong”转换到“double”，可能丢失数据
L:\code\development\compile\RawToBGR\raw2bgr.hpp(907): warning C4838: 从“int”转换到“size_t”需要收缩转换
L:\code\development\compile\RawToBGR\raw2bgr.hpp(920): warning C4838: 从“int”转换到“size_t”需要收缩转换
L:\code\development\compile\RawToBGR\raw2bgr.hpp(971): warning C4244: “初始化”: 从“cl_ulong”转换到“double”，可能丢失数据
L:\code\development\compile\RawToBGR\raw2bgr.cpp(940): warning C4244: “参数”: 从“float”转换到“const Tp”，可能丢失数据
          with
          [
              Tp=int
          ]
L:\code\development\compile\RawToBGR\raw2bgr.cpp(989): warning C4244: “参数”: 从“float”转换到“const Tp”，可能丢失数据
          with
          [
              Tp=int
          ]
L:\code\development\compile\RawToBGR\raw2bgr.cpp(990): warning C4244: “参数”: 从“float”转换到“const Tp”，可能丢失数据
          with
          [
              Tp=int
          ]
L:\code\development\compile\RawToBGR\raw2bgr.cpp(991): warning C4244: “参数”: 从“float”转换到“const Tp”，可能丢失数据
          with
          [
              Tp=int
          ]
L:\code\development\compile\RawToBGR\raw2bgr.cpp(1256): warning C4244: “参数”: 从“float”转换到“const Tp”，可能丢失数据
          with
          [
              Tp=int
          ]
L:\code\development\compile\RawToBGR\raw2bgr.cpp(1280): warning C4244: “参数”: 从“float”转换到“const Tp”，可能丢失数据
          with
          [
              Tp=int
          ]
L:\code\development\compile\RawToBGR\raw2bgr.cpp(1436): warning C4244: “参数”: 从“float”转换到“const Tp”，可能丢失数据
          with
          [
              Tp=int
          ]
L:\code\development\compile\RawToBGR\raw2bgr.cpp(1439): warning C4244: “参数”: 从“float”转换到“const Tp”，可能丢失数据
          with
          [
              Tp=int
          ]
L:\code\development\compile\RawToBGR\raw2bgr.cpp(1491): warning C4244: “参数”: 从“float”转换到“const Tp”，可能丢失数据
          with
          [
              Tp=int
          ]
L:\code\development\compile\RawToBGR\raw2bgr.cpp(1494): warning C4244: “参数”: 从“float”转换到“const Tp”，可能丢失数据
          with
          [
              Tp=int
          ]
L:\code\development\compile\RawToBGR\raw2bgr.cpp(1511): warning C4244: “参数”: 从“float”转换到“const Tp”，可能丢失数据
          with
          [
              Tp=int
          ]
L:\code\development\compile\RawToBGR\raw2bgr.cpp(1601): warning C4101: “vbufcb”: 未引用的局部变量
L:\code\development\compile\RawToBGR\raw2bgr.cpp(1602): warning C4101: “vbufcr”: 未引用的局部变量
  scaler.cpp
  cl_version.h: CL_TARGET_OPENCL_VERSION is not defined. Defaulting to 300 (OpenCL 3.0)
L:\code\development\compile\RawToBGR\ocl.hpp(16): warning C4068: 未知的杂注
L:\code\development\compile\RawToBGR\ocl.hpp(55): warning C4477: “printf”: 格式字符串“%u”需要类型“unsigned int”的参数，但可变参数 1 拥有了类型“size_t”
  L:\code\development\compile\RawToBGR\ocl.hpp(55): note: 请考虑在格式字符串中使用“%zu”
L:\code\development\compile\RawToBGR\ocl.hpp(60): warning C4477: “printf”: 格式字符串“%u”需要类型“unsigned int”的参数，但可变参数 1 拥有了类型“size_t”
  L:\code\development\compile\RawToBGR\ocl.hpp(60): note: 请考虑在格式字符串中使用“%zu”
L:\code\development\compile\RawToBGR\ocl.hpp(60): warning C4477: “printf”: 格式字符串“%u”需要类型“unsigned int”的参数，但可变参数 2 拥有了类型“size_t”
  L:\code\development\compile\RawToBGR\ocl.hpp(60): note: 请考虑在格式字符串中使用“%zu”
L:\code\development\compile\RawToBGR\ocl.hpp(60): warning C4477: “printf”: 格式字符串“%u”需要类型“unsigned int”的参数，但可变参数 3 拥有了类型“size_t”
  L:\code\development\compile\RawToBGR\ocl.hpp(60): note: 请考虑在格式字符串中使用“%zu”
L:\code\development\compile\RawToBGR\ocl.hpp(65): warning C4477: “printf”: 格式字符串“%u”需要类型“unsigned int”的参数，但可变参数 1 拥有了类型“size_t”
  L:\code\development\compile\RawToBGR\ocl.hpp(65): note: 请考虑在格式字符串中使用“%zu”
L:\code\development\compile\RawToBGR\ocl.hpp(132): warning C4477: “printf”: 格式字符串“%u”需要类型“unsigned int”的参数，但可变参数 1 拥有了类型“size_t”
  L:\code\development\compile\RawToBGR\ocl.hpp(132): note: 请考虑在格式字符串中使用“%zu”
L:\code\development\compile\RawToBGR\ocl.hpp(134): warning C4477: “printf”: 格式字符串“%u”需要类型“unsigned int”的参数，但可变参数 1 拥有了类型“size_t”
  L:\code\development\compile\RawToBGR\ocl.hpp(134): note: 请考虑在格式字符串中使用“%zu”
L:\code\development\compile\RawToBGR\ocl.hpp(136): warning C4477: “printf”: 格式字符串“%u”需要类型“unsigned int”的参数，但可变参数 1 拥有了类型“size_t”
  L:\code\development\compile\RawToBGR\ocl.hpp(136): note: 请考虑在格式字符串中使用“%zu”
L:\code\development\compile\RawToBGR\ocl.hpp(138): warning C4477: “printf”: 格式字符串“%u”需要类型“unsigned int”的参数，但可变参数 1 拥有了类型“size_t”
  L:\code\development\compile\RawToBGR\ocl.hpp(138): note: 请考虑在格式字符串中使用“%zu”
L:\code\development\compile\RawToBGR\ocl.hpp(140): warning C4477: “printf”: 格式字符串“%u”需要类型“unsigned int”的参数，但可变参数 1 拥有了类型“size_t”
  L:\code\development\compile\RawToBGR\ocl.hpp(140): note: 请考虑在格式字符串中使用“%zu”
L:\code\development\compile\RawToBGR\raw2bgr.hpp(206): warning C4244: “=”: 从“float”转换到“uchar”，可能丢失数据
L:\code\development\compile\RawToBGR\raw2bgr.hpp(219): warning C4244: “=”: 从“float”转换到“uchar”，可能丢失数据
L:\code\development\compile\RawToBGR\raw2bgr.hpp(226): warning C4244: “=”: 从“float”转换到“ushort”，可能丢失数据
L:\code\development\compile\RawToBGR\raw2bgr.hpp(392): warning C4244: “初始化”: 从“cl_ulong”转换到“double”，可能丢失数据
L:\code\development\compile\RawToBGR\raw2bgr.hpp(332): warning C4101: “num_groups”: 未引用的局部变量
L:\code\development\compile\RawToBGR\raw2bgr.hpp(506): warning C4244: “初始化”: 从“cl_ulong”转换到“double”，可能丢失数据
L:\code\development\compile\RawToBGR\raw2bgr.hpp(543): warning C4244: “初始化”: 从“cl_ulong”转换到“double”，可能丢失数据
L:\code\development\compile\RawToBGR\raw2bgr.hpp(654): warning C4838: 从“int”转换到“size_t”需要收缩转换
L:\code\development\compile\RawToBGR\raw2bgr.hpp(700): warning C4244: “初始化”: 从“cl_ulong”转换到“double”，可能丢失数据
L:\code\development\compile\RawToBGR\raw2bgr.hpp(772): warning C4838: 从“int”转换到“size_t”需要收缩转换
L:\code\development\compile\RawToBGR\raw2bgr.hpp(811): warning C4244: “初始化”: 从“cl_ulong”转换到“double”，可能丢失数据
L:\code\development\compile\RawToBGR\raw2bgr.hpp(907): warning C4838: 从“int”转换到“size_t”需要收缩转换
L:\code\development\compile\RawToBGR\raw2bgr.hpp(920): warning C4838: 从“int”转换到“size_t”需要收缩转换
L:\code\development\compile\RawToBGR\raw2bgr.hpp(971): warning C4244: “初始化”: 从“cl_ulong”转换到“double”，可能丢失数据
L:\code\development\compile\RawToBGR\scaler.cpp(158): warning C4244: “参数”: 从“double”转换到“float”，可能丢失数据
L:\code\development\compile\RawToBGR\scaler.cpp(250): warning C4244: “参数”: 从“double”转换到“float”，可能丢失数据
L:\code\development\compile\RawToBGR\scaler.cpp(330): warning C4244: “参数”: 从“double”转换到“float”，可能丢失数据
L:\code\development\compile\RawToBGR\scaler.cpp(349): warning C4244: “初始化”: 从“double”转换到“int”，可能丢失数据
L:\code\development\compile\RawToBGR\scaler.cpp(362): warning C4244: “参数”: 从“double”转换到“float”，可能丢失数据
L:\code\development\compile\RawToBGR\scaler.cpp(381): warning C4244: “初始化”: 从“double”转换到“int”，可能丢失数据
  version.cpp
  cl_version.h: CL_TARGET_OPENCL_VERSION is not defined. Defaulting to 300 (OpenCL 3.0)
L:\code\development\compile\RawToBGR\ocl.hpp(16): warning C4068: 未知的杂注
L:\code\development\compile\RawToBGR\ocl.hpp(55): warning C4477: “printf”: 格式字符串“%u”需要类型“unsigned int”的参数，但可变参数 1 拥有了类型“size_t”
  L:\code\development\compile\RawToBGR\ocl.hpp(55): note: 请考虑在格式字符串中使用“%zu”
L:\code\development\compile\RawToBGR\ocl.hpp(60): warning C4477: “printf”: 格式字符串“%u”需要类型“unsigned int”的参数，但可变参数 1 拥有了类型“size_t”
  L:\code\development\compile\RawToBGR\ocl.hpp(60): note: 请考虑在格式字符串中使用“%zu”
L:\code\development\compile\RawToBGR\ocl.hpp(60): warning C4477: “printf”: 格式字符串“%u”需要类型“unsigned int”的参数，但可变参数 2 拥有了类型“size_t”
  L:\code\development\compile\RawToBGR\ocl.hpp(60): note: 请考虑在格式字符串中使用“%zu”
L:\code\development\compile\RawToBGR\ocl.hpp(60): warning C4477: “printf”: 格式字符串“%u”需要类型“unsigned int”的参数，但可变参数 3 拥有了类型“size_t”
  L:\code\development\compile\RawToBGR\ocl.hpp(60): note: 请考虑在格式字符串中使用“%zu”
L:\code\development\compile\RawToBGR\ocl.hpp(65): warning C4477: “printf”: 格式字符串“%u”需要类型“unsigned int”的参数，但可变参数 1 拥有了类型“size_t”
  L:\code\development\compile\RawToBGR\ocl.hpp(65): note: 请考虑在格式字符串中使用“%zu”
L:\code\development\compile\RawToBGR\ocl.hpp(132): warning C4477: “printf”: 格式字符串“%u”需要类型“unsigned int”的参数，但可变参数 1 拥有了类型“size_t”
  L:\code\development\compile\RawToBGR\ocl.hpp(132): note: 请考虑在格式字符串中使用“%zu”
L:\code\development\compile\RawToBGR\ocl.hpp(134): warning C4477: “printf”: 格式字符串“%u”需要类型“unsigned int”的参数，但可变参数 1 拥有了类型“size_t”
  L:\code\development\compile\RawToBGR\ocl.hpp(134): note: 请考虑在格式字符串中使用“%zu”
L:\code\development\compile\RawToBGR\ocl.hpp(136): warning C4477: “printf”: 格式字符串“%u”需要类型“unsigned int”的参数，但可变参数 1 拥有了类型“size_t”
  L:\code\development\compile\RawToBGR\ocl.hpp(136): note: 请考虑在格式字符串中使用“%zu”
L:\code\development\compile\RawToBGR\ocl.hpp(138): warning C4477: “printf”: 格式字符串“%u”需要类型“unsigned int”的参数，但可变参数 1 拥有了类型“size_t”
  L:\code\development\compile\RawToBGR\ocl.hpp(138): note: 请考虑在格式字符串中使用“%zu”
L:\code\development\compile\RawToBGR\ocl.hpp(140): warning C4477: “printf”: 格式字符串“%u”需要类型“unsigned int”的参数，但可变参数 1 拥有了类型“size_t”
  L:\code\development\compile\RawToBGR\ocl.hpp(140): note: 请考虑在格式字符串中使用“%zu”
L:\code\development\compile\RawToBGR\raw2bgr.hpp(206): warning C4244: “=”: 从“float”转换到“uchar”，可能丢失数据
L:\code\development\compile\RawToBGR\raw2bgr.hpp(219): warning C4244: “=”: 从“float”转换到“uchar”，可能丢失数据
L:\code\development\compile\RawToBGR\raw2bgr.hpp(226): warning C4244: “=”: 从“float”转换到“ushort”，可能丢失数据
L:\code\development\compile\RawToBGR\raw2bgr.hpp(392): warning C4244: “初始化”: 从“cl_ulong”转换到“double”，可能丢失数据
L:\code\development\compile\RawToBGR\raw2bgr.hpp(332): warning C4101: “num_groups”: 未引用的局部变量
L:\code\development\compile\RawToBGR\raw2bgr.hpp(506): warning C4244: “初始化”: 从“cl_ulong”转换到“double”，可能丢失数据
L:\code\development\compile\RawToBGR\raw2bgr.hpp(543): warning C4244: “初始化”: 从“cl_ulong”转换到“double”，可能丢失数据
L:\code\development\compile\RawToBGR\raw2bgr.hpp(654): warning C4838: 从“int”转换到“size_t”需要收缩转换
L:\code\development\compile\RawToBGR\raw2bgr.hpp(700): warning C4244: “初始化”: 从“cl_ulong”转换到“double”，可能丢失数据
L:\code\development\compile\RawToBGR\raw2bgr.hpp(772): warning C4838: 从“int”转换到“size_t”需要收缩转换
L:\code\development\compile\RawToBGR\raw2bgr.hpp(811): warning C4244: “初始化”: 从“cl_ulong”转换到“double”，可能丢失数据
L:\code\development\compile\RawToBGR\raw2bgr.hpp(907): warning C4838: 从“int”转换到“size_t”需要收缩转换
L:\code\development\compile\RawToBGR\raw2bgr.hpp(920): warning C4838: 从“int”转换到“size_t”需要收缩转换
L:\code\development\compile\RawToBGR\raw2bgr.hpp(971): warning C4244: “初始化”: 从“cl_ulong”转换到“double”，可能丢失数据
L:\code\development\compile\RawToBGR\version.cpp(38): warning C4244: “初始化”: 从“double”转换到“float”，可能丢失数据
L:\code\development\compile\RawToBGR\version.cpp(39): warning C4244: “初始化”: 从“float”转换到“int”，可能丢失数据
L:\code\development\compile\RawToBGR\version.cpp(43): warning C4244: “参数”: 从“_Ty”转换到“const Tp”，可能丢失数据
          with
          [
              _Ty=float
          ]
          and
          [
              Tp=int
          ]
L:\code\development\compile\RawToBGR\version.cpp(70): warning C4244: “=”: 从“float”转换到“unsigned int”，可能丢失数据
L:\code\development\compile\RawToBGR\version.cpp(78): warning C4244: “初始化”: 从“float”转换到“int”，可能丢失数据
L:\code\development\compile\RawToBGR\version.cpp(142): warning C4244: “=”: 从“unsigned int”转换到“float”，可能丢失数据
    正在创建库 L:\code\development\compile\\x64_Release\RawToBGR.lib 和对象 L:\code\development\compile\\x64_Release\RawToBGR.exp
  正在生成代码
  13 of 801 functions ( 1.6%) were compiled, the rest were copied from previous compilation.
    0 functions were new in current compilation
    11 functions had inline decision re-evaluated but remain unchanged
  已完成代码的生成
  RawToBGR.vcxproj -> L:\code\development\compile\\x64_Release\RawToBGR.dll
