l:\code\rawtobgr\rawtobgr\x64\release\vc142.pdb
l:\code\rawtobgr\rawtobgr\x64\release\utility.obj
l:\code\rawtobgr\rawtobgr\x64\release\gxr_awb.obj
l:\code\rawtobgr\rawtobgr\x64\release\group.obj
l:\code\rawtobgr\rawtobgr\x64\release\demosaic.obj
l:\code\rawtobgr\rawtobgr\x64\release\version.obj
l:\code\rawtobgr\rawtobgr\x64\release\scaler.obj
l:\code\rawtobgr\rawtobgr\x64\release\raw2bgr.obj
l:\code\rawtobgr\rawtobgr\x64\release\gxr_softisp.obj
l:\code\rawtobgr\rawtobgr\x64\release\awb.obj
l:\code\rawtobgr\rawtobgr\x64\release\ae.obj
l:\code\development\compile\rawtobgr\x64\release\vc142.pdb
l:\code\development\compile\rawtobgr\x64\release\version.obj
l:\code\development\compile\rawtobgr\x64\release\utility.obj
l:\code\development\compile\rawtobgr\x64\release\scaler.obj
l:\code\development\compile\rawtobgr\x64\release\raw2bgr.obj
l:\code\development\compile\rawtobgr\x64\release\gxr_softisp.obj
l:\code\development\compile\rawtobgr\x64\release\gxr_awb.obj
l:\code\development\compile\rawtobgr\x64\release\group.obj
l:\code\development\compile\rawtobgr\x64\release\demosaic.obj
l:\code\development\compile\rawtobgr\x64\release\awb.obj
l:\code\development\compile\rawtobgr\x64\release\ae.obj
l:\code\development\compile\rawtobgr\x64\release\clprogram.obj
l:\code\rawtobgr\x64_release\rawtobgr.dll
l:\code\rawtobgr\x64_release\rawtobgr.pdb
l:\code\development\compile\x64_release\rawtobgr.dll
l:\code\development\compile\x64_release\rawtobgr.pdb
l:\code\rawtobgr\x64_release\rawtobgr.lib
l:\code\rawtobgr\x64_release\rawtobgr.exp
l:\code\rawtobgr\x64_release\rawtobgr.ipdb
l:\code\rawtobgr\x64_release\rawtobgr.iobj
l:\code\development\compile\x64_release\rawtobgr.lib
l:\code\development\compile\x64_release\rawtobgr.exp
l:\code\development\compile\x64_release\rawtobgr.ipdb
l:\code\development\compile\x64_release\rawtobgr.iobj
l:\code\development\compile\\x64_release\rawtobgr.pdb
l:\code\development\compile\\x64_release\rawtobgr.dll
l:\code\development\compile\rawtobgr\x64\release\rawtobgr.tlog\cl.command.1.tlog
l:\code\development\compile\rawtobgr\x64\release\rawtobgr.tlog\cl.read.1.tlog
l:\code\development\compile\rawtobgr\x64\release\rawtobgr.tlog\cl.write.1.tlog
l:\code\development\compile\rawtobgr\x64\release\rawtobgr.tlog\link.command.1.tlog
l:\code\development\compile\rawtobgr\x64\release\rawtobgr.tlog\link.read.1.tlog
l:\code\development\compile\rawtobgr\x64\release\rawtobgr.tlog\link.write.1.tlog
l:\code\development\compile\rawtobgr\x64\release\rawtobgr.tlog\rawtobgr.write.1u.tlog
