l:\code\rawtobgr_video\rawtobgr\x64\debug\vc142.pdb
l:\code\rawtobgr_video\rawtobgr\x64\debug\vc142.idb
l:\code\rawtobgr_video\rawtobgr\x64\debug\version.obj
l:\code\rawtobgr_video\rawtobgr\x64\debug\utility.obj
l:\code\rawtobgr_video\rawtobgr\x64\debug\raw2bgr.obj
l:\code\rawtobgr_video\rawtobgr\x64\debug\gxr_softisp.obj
l:\code\rawtobgr_video\rawtobgr\x64\debug\gxr_awb.obj
l:\code\rawtobgr_video\rawtobgr\x64\debug\awb.obj
l:\code\rawtobgr_video\rawtobgr\x64\debug\ae.obj
l:\code\rawtobgr_video\x64_debug\rawtobgr.dll
l:\code\rawtobgr_video\x64_debug\rawtobgr.pdb
l:\code\rawtobgr_video\x64_debug\rawtobgr.lib
l:\code\rawtobgr_video\x64_debug\rawtobgr.exp
l:\code\rawtobgr_video\\x64_debug\rawtobgr.pdb
l:\code\rawtobgr_video\\x64_debug\rawtobgr.dll
l:\code\rawtobgr_video\rawtobgr\x64\debug\rawtobgr.tlog\cl.command.1.tlog
l:\code\rawtobgr_video\rawtobgr\x64\debug\rawtobgr.tlog\cl.read.1.tlog
l:\code\rawtobgr_video\rawtobgr\x64\debug\rawtobgr.tlog\cl.write.1.tlog
l:\code\rawtobgr_video\rawtobgr\x64\debug\rawtobgr.tlog\link.command.1.tlog
l:\code\rawtobgr_video\rawtobgr\x64\debug\rawtobgr.tlog\link.read.1.tlog
l:\code\rawtobgr_video\rawtobgr\x64\debug\rawtobgr.tlog\link.write.1.tlog
l:\code\rawtobgr_video\rawtobgr\x64\debug\rawtobgr.tlog\rawtobgr.write.1u.tlog
