d:\3aalgo\3a-tmp\3a\ae\rgb\rlg_ae\al_ae\x64\release\vc143.pdb
d:\3aalgo\3a-tmp\3a\ae\rgb\rlg_ae\al_ae\x64\release\main.obj
d:\3aalgo\3a-tmp\3a\ae\rgb\rlg_ae\al_ae\x64\release\table.obj
d:\3aalgo\3a-tmp\3a\ae\rgb\rlg_ae\al_ae\x64\release\aehandle.obj
d:\3aalgo\3a-tmp\3a\ae\rgb\rlg_ae\al_ae\x64\release\alaelib_iae.obj
d:\3aalgo\3a-tmp\3a\ae\rgb\rlg_ae\al_ae\x64\release\alaelibcore.obj
d:\3aalgo\3a-tmp\3a\ae\rgb\rlg_ae\x64\release\al_ae.dll
d:\3aalgo\3a-tmp\3a\ae\rgb\rlg_ae\x64\release\al_ae.pdb
d:\3aalgo\3a-tmp\3a\ae\rgb\rlg_ae\x64\release\al_ae.lib
d:\3aalgo\3a-tmp\3a\ae\rgb\rlg_ae\x64\release\al_ae.exp
d:\3aalgo\3a-tmp\3a\ae\rgb\rlg_ae\al_ae\x64\release\al_ae.ipdb
d:\3aalgo\3a-tmp\3a\ae\rgb\rlg_ae\al_ae\x64\release\al_ae.iobj
d:\3aalgo\3a-tmp\3a\ae\rgb\rlg_ae\al_ae\x64\release\al_ae.tlog\cl.command.1.tlog
d:\3aalgo\3a-tmp\3a\ae\rgb\rlg_ae\al_ae\x64\release\al_ae.tlog\cl.items.tlog
d:\3aalgo\3a-tmp\3a\ae\rgb\rlg_ae\al_ae\x64\release\al_ae.tlog\cl.read.1.tlog
d:\3aalgo\3a-tmp\3a\ae\rgb\rlg_ae\al_ae\x64\release\al_ae.tlog\cl.write.1.tlog
d:\3aalgo\3a-tmp\3a\ae\rgb\rlg_ae\al_ae\x64\release\al_ae.tlog\link.command.1.tlog
d:\3aalgo\3a-tmp\3a\ae\rgb\rlg_ae\al_ae\x64\release\al_ae.tlog\link.read.1.tlog
d:\3aalgo\3a-tmp\3a\ae\rgb\rlg_ae\al_ae\x64\release\al_ae.tlog\link.secondary.1.tlog
d:\3aalgo\3a-tmp\3a\ae\rgb\rlg_ae\al_ae\x64\release\al_ae.tlog\link.write.1.tlog
