  alAELibCore.cpp
D:\3aalgo\3a-tmp\3a\AE\RGB\RLG_AE\core\include\MyLog.h(25,2): warning C4091: “typedef ”: 没有声明变量时忽略“LogLevel_em”的左侧
  (编译源文件“core/alAELibCore.cpp”)
  
D:\3aalgo\3a-tmp\3a\AE\RGB\RLG_AE\core\include\MyLog.h(264,51): warning C4552: ”-“: 未使用表达式结果
  (编译源文件“core/alAELibCore.cpp”)
  
D:\3aalgo\3a-tmp\3a\AE\RGB\RLG_AE\core\include\MyLog.h(270,14): warning C4267: “=”: 从“size_t”转换到“int”，可能丢失数据
  (编译源文件“core/alAELibCore.cpp”)
  
D:\3aalgo\3a-tmp\3a\AE\RGB\RLG_AE\core\include\MyLog.h(273,9): warning C4267: “初始化”: 从“size_t”转换到“int”，可能丢失数据
  (编译源文件“core/alAELibCore.cpp”)
  
D:\3aalgo\3a-tmp\3a\AE\RGB\RLG_AE\core\include\MyLog.h(312,30): warning C4552: ”-“: 未使用表达式结果
  (编译源文件“core/alAELibCore.cpp”)
  
D:\3aalgo\3a-tmp\3a\AE\RGB\RLG_AE\core\include\table.h(15,2): warning C4091: “typedef ”: 没有声明变量时忽略“eAETableID”的左侧
  (编译源文件“core/alAELibCore.cpp”)
  
D:\3aalgo\3a-tmp\3a\AE\RGB\RLG_AE\core\include\table.h(79,2): warning C4091: “typedef ”: 没有声明变量时忽略“strAETable”的左侧
  (编译源文件“core/alAELibCore.cpp”)
  
D:\3aalgo\3a-tmp\3a\AE\RGB\RLG_AE\core\include\table.h(182,2): warning C4091: “typedef ”: 没有声明变量时忽略“strAETarget”的左侧
  (编译源文件“core/alAELibCore.cpp”)
  
D:\3aalgo\3a-tmp\3a\AE\RGB\RLG_AE\core\alAELibCore.cpp(112,36): warning C4305: “=”: 从“double”到“float”截断
D:\3aalgo\3a-tmp\3a\AE\RGB\RLG_AE\core\alAELibCore.cpp(277,148): warning C4244: “=”: 从“double”转换到“float”，可能丢失数据
D:\3aalgo\3a-tmp\3a\AE\RGB\RLG_AE\core\alAELibCore.cpp(749,5): warning C4129: “ ”: 不可识别的字符转义序列
D:\3aalgo\3a-tmp\3a\AE\RGB\RLG_AE\core\alAELibCore.cpp(873,157): warning C4244: “=”: 从“double”转换到“float”，可能丢失数据
D:\3aalgo\3a-tmp\3a\AE\RGB\RLG_AE\core\alAELibCore.cpp(1062,28): warning C4244: “=”: 从“float”转换到“UINT8”，可能丢失数据
D:\3aalgo\3a-tmp\3a\AE\RGB\RLG_AE\core\alAELibCore.cpp(1063,27): warning C4244: “=”: 从“float”转换到“UINT8”，可能丢失数据
D:\3aalgo\3a-tmp\3a\AE\RGB\RLG_AE\core\alAELibCore.cpp(1064,29): warning C4244: “=”: 从“float”转换到“UINT8”，可能丢失数据
D:\3aalgo\3a-tmp\3a\AE\RGB\RLG_AE\core\alAELibCore.cpp(1065,28): warning C4244: “=”: 从“float”转换到“UINT8”，可能丢失数据
D:\3aalgo\3a-tmp\3a\AE\RGB\RLG_AE\core\alAELibCore.cpp(1079,95): warning C4244: “=”: 从“double”转换到“float”，可能丢失数据
D:\3aalgo\3a-tmp\3a\AE\RGB\RLG_AE\core\alAELibCore.cpp(1298,49): warning C4244: “=”: 从“double”转换到“float”，可能丢失数据
D:\3aalgo\3a-tmp\3a\AE\RGB\RLG_AE\core\alAELibCore.cpp(1622,17): warning C4267: “初始化”: 从“size_t”转换到“int”，可能丢失数据
D:\3aalgo\3a-tmp\3a\AE\RGB\RLG_AE\core\alAELibCore.cpp(1755,45): warning C4305: “=”: 从“double”到“float”截断
D:\3aalgo\3a-tmp\3a\AE\RGB\RLG_AE\core\alAELibCore.cpp(1756,42): warning C4305: “=”: 从“double”到“float”截断
D:\3aalgo\3a-tmp\3a\AE\RGB\RLG_AE\core\alAELibCore.cpp(1772,58): warning C4305: “=”: 从“double”到“float”截断
D:\3aalgo\3a-tmp\3a\AE\RGB\RLG_AE\core\alAELibCore.cpp(1829,43): warning C4305: “=”: 从“double”到“float”截断
D:\3aalgo\3a-tmp\3a\AE\RGB\RLG_AE\core\alAELibCore.cpp(1830,51): warning C4305: “=”: 从“double”到“float”截断
D:\3aalgo\3a-tmp\3a\AE\RGB\RLG_AE\core\alAELibCore.cpp(1871,37): warning C4244: “=”: 从“UINT64”转换到“UINT32”，可能丢失数据
D:\3aalgo\3a-tmp\3a\AE\RGB\RLG_AE\core\alAELibCore.cpp(1876,37): warning C4244: “=”: 从“UINT64”转换到“UINT32”，可能丢失数据
D:\3aalgo\3a-tmp\3a\AE\RGB\RLG_AE\core\alAELibCore.cpp(1882,36): warning C4244: “=”: 从“UINT64”转换到“UINT32”，可能丢失数据
D:\3aalgo\3a-tmp\3a\AE\RGB\RLG_AE\core\alAELibCore.cpp(1887,36): warning C4244: “=”: 从“UINT64”转换到“UINT32”，可能丢失数据
D:\3aalgo\3a-tmp\3a\AE\RGB\RLG_AE\core\alAELibCore.cpp(1941,60): warning C4244: “=”: 从“UINT64”转换到“UINT32”，可能丢失数据
D:\3aalgo\3a-tmp\3a\AE\RGB\RLG_AE\core\alAELibCore.cpp(1946,63): warning C4244: “=”: 从“UINT64”转换到“UINT32”，可能丢失数据
D:\3aalgo\3a-tmp\3a\AE\RGB\RLG_AE\core\alAELibCore.cpp(1952,64): warning C4244: “=”: 从“UINT64”转换到“UINT32”，可能丢失数据
D:\3aalgo\3a-tmp\3a\AE\RGB\RLG_AE\core\alAELibCore.cpp(1963,68): warning C4244: “=”: 从“UINT64”转换到“UINT32”，可能丢失数据
D:\3aalgo\3a-tmp\3a\AE\RGB\RLG_AE\core\alAELibCore.cpp(1972,64): warning C4244: “=”: 从“UINT64”转换到“UINT32”，可能丢失数据
D:\3aalgo\3a-tmp\3a\AE\RGB\RLG_AE\core\alAELibCore.cpp(1983,47): warning C4244: “=”: 从“UINT64”转换到“UINT32”，可能丢失数据
D:\3aalgo\3a-tmp\3a\AE\RGB\RLG_AE\core\alAELibCore.cpp(1989,24): warning C4244: “=”: 从“UINT64”转换到“UINT32”，可能丢失数据
D:\3aalgo\3a-tmp\3a\AE\RGB\RLG_AE\core\alAELibCore.cpp(1990,48): warning C4244: “=”: 从“UINT64”转换到“UINT32”，可能丢失数据
D:\3aalgo\3a-tmp\3a\AE\RGB\RLG_AE\core\alAELibCore.cpp(2184,30): warning C4244: “=”: 从“float”转换到“INT32”，可能丢失数据
D:\3aalgo\3a-tmp\3a\AE\RGB\RLG_AE\core\alAELibCore.cpp(2351,43): warning C4244: “=”: 从“UINT16”转换到“UINT8”，可能丢失数据
D:\3aalgo\3a-tmp\3a\AE\RGB\RLG_AE\core\alAELibCore.cpp(2352,43): warning C4244: “=”: 从“UINT16”转换到“UINT8”，可能丢失数据
D:\3aalgo\3a-tmp\3a\AE\RGB\RLG_AE\core\alAELibCore.cpp(2532,14): warning C4244: “初始化”: 从“float”转换到“INT32”，可能丢失数据
D:\3aalgo\3a-tmp\3a\AE\RGB\RLG_AE\core\alAELibCore.cpp(2566,22): warning C4244: “=”: 从“float”转换到“INT32”，可能丢失数据
  alAELib_iAE.cpp
D:\3aalgo\3a-tmp\3a\AE\RGB\RLG_AE\core\include\MyLog.h(25,2): warning C4091: “typedef ”: 没有声明变量时忽略“LogLevel_em”的左侧
  (编译源文件“core/alAELib_iAE.cpp”)
  
D:\3aalgo\3a-tmp\3a\AE\RGB\RLG_AE\core\include\MyLog.h(264,51): warning C4552: ”-“: 未使用表达式结果
  (编译源文件“core/alAELib_iAE.cpp”)
  
D:\3aalgo\3a-tmp\3a\AE\RGB\RLG_AE\core\include\MyLog.h(270,14): warning C4267: “=”: 从“size_t”转换到“int”，可能丢失数据
  (编译源文件“core/alAELib_iAE.cpp”)
  
D:\3aalgo\3a-tmp\3a\AE\RGB\RLG_AE\core\include\MyLog.h(273,9): warning C4267: “初始化”: 从“size_t”转换到“int”，可能丢失数据
  (编译源文件“core/alAELib_iAE.cpp”)
  
D:\3aalgo\3a-tmp\3a\AE\RGB\RLG_AE\core\include\MyLog.h(312,30): warning C4552: ”-“: 未使用表达式结果
  (编译源文件“core/alAELib_iAE.cpp”)
  
D:\3aalgo\3a-tmp\3a\AE\RGB\RLG_AE\core\alAELib_iAE.cpp(158,19): warning C4018: “<”: 有符号/无符号不匹配
D:\3aalgo\3a-tmp\3a\AE\RGB\RLG_AE\core\alAELib_iAE.cpp(158,19): warning C4018: “>”: 有符号/无符号不匹配
D:\3aalgo\3a-tmp\3a\AE\RGB\RLG_AE\core\alAELib_iAE.cpp(261,24): warning C4244: “初始化”: 从“double”转换到“UINT32”，可能丢失数据
  aeHandle.cpp
D:\3aalgo\3a-tmp\3a\AE\RGB\RLG_AE\core\include\MyLog.h(25,2): warning C4091: “typedef ”: 没有声明变量时忽略“LogLevel_em”的左侧
  (编译源文件“aeHandle.cpp”)
  
D:\3aalgo\3a-tmp\3a\AE\RGB\RLG_AE\core\include\MyLog.h(264,51): warning C4552: ”-“: 未使用表达式结果
  (编译源文件“aeHandle.cpp”)
  
D:\3aalgo\3a-tmp\3a\AE\RGB\RLG_AE\core\include\MyLog.h(270,14): warning C4267: “=”: 从“size_t”转换到“int”，可能丢失数据
  (编译源文件“aeHandle.cpp”)
  
D:\3aalgo\3a-tmp\3a\AE\RGB\RLG_AE\core\include\MyLog.h(273,9): warning C4267: “初始化”: 从“size_t”转换到“int”，可能丢失数据
  (编译源文件“aeHandle.cpp”)
  
D:\3aalgo\3a-tmp\3a\AE\RGB\RLG_AE\core\include\MyLog.h(312,30): warning C4552: ”-“: 未使用表达式结果
  (编译源文件“aeHandle.cpp”)
  
D:\3aalgo\3a-tmp\3a\AE\RGB\RLG_AE\aeHandle.h(26,2): warning C4091: “typedef ”: 没有声明变量时忽略“LogLevel”的左侧
  (编译源文件“aeHandle.cpp”)
  
D:\3aalgo\3a-tmp\3a\AE\RGB\RLG_AE\aeHandle.cpp(114,66): warning C4244: “=”: 从“float”转换到“UINT32”，可能丢失数据
D:\3aalgo\3a-tmp\3a\AE\RGB\RLG_AE\aeHandle.cpp(115,68): warning C4244: “=”: 从“float”转换到“UINT32”，可能丢失数据
D:\3aalgo\3a-tmp\3a\AE\RGB\RLG_AE\aeHandle.cpp(200,17): warning C4267: “初始化”: 从“size_t”转换到“int”，可能丢失数据
D:\3aalgo\3a-tmp\3a\AE\RGB\RLG_AE\aeHandle.cpp(444,22): warning C4244: “初始化”: 从“_Ty”转换到“int”，可能丢失数据
D:\3aalgo\3a-tmp\3a\AE\RGB\RLG_AE\aeHandle.cpp(444,22): warning C4244:         with
D:\3aalgo\3a-tmp\3a\AE\RGB\RLG_AE\aeHandle.cpp(444,22): warning C4244:         [
D:\3aalgo\3a-tmp\3a\AE\RGB\RLG_AE\aeHandle.cpp(444,22): warning C4244:             _Ty=float
D:\3aalgo\3a-tmp\3a\AE\RGB\RLG_AE\aeHandle.cpp(444,22): warning C4244:         ]
D:\3aalgo\3a-tmp\3a\AE\RGB\RLG_AE\aeHandle.cpp(454,46): warning C4244: “=”: 从“uint32_t”转换到“_Ty”，可能丢失数据
D:\3aalgo\3a-tmp\3a\AE\RGB\RLG_AE\aeHandle.cpp(454,46): warning C4244:         with
D:\3aalgo\3a-tmp\3a\AE\RGB\RLG_AE\aeHandle.cpp(454,46): warning C4244:         [
D:\3aalgo\3a-tmp\3a\AE\RGB\RLG_AE\aeHandle.cpp(454,46): warning C4244:             _Ty=float
D:\3aalgo\3a-tmp\3a\AE\RGB\RLG_AE\aeHandle.cpp(454,46): warning C4244:         ]
D:\3aalgo\3a-tmp\3a\AE\RGB\RLG_AE\aeHandle.cpp(474,68): warning C4244: “=”: 从“float”转换到“UINT32”，可能丢失数据
D:\3aalgo\3a-tmp\3a\AE\RGB\RLG_AE\aeHandle.cpp(475,66): warning C4244: “=”: 从“float”转换到“UINT32”，可能丢失数据
D:\3aalgo\3a-tmp\3a\AE\RGB\RLG_AE\aeHandle.cpp(481,73): warning C4244: “=”: 从“_Ty”转换到“UINT32”，可能丢失数据
D:\3aalgo\3a-tmp\3a\AE\RGB\RLG_AE\aeHandle.cpp(481,73): warning C4244:         with
D:\3aalgo\3a-tmp\3a\AE\RGB\RLG_AE\aeHandle.cpp(481,73): warning C4244:         [
D:\3aalgo\3a-tmp\3a\AE\RGB\RLG_AE\aeHandle.cpp(481,73): warning C4244:             _Ty=float
D:\3aalgo\3a-tmp\3a\AE\RGB\RLG_AE\aeHandle.cpp(481,73): warning C4244:         ]
D:\3aalgo\3a-tmp\3a\AE\RGB\RLG_AE\aeHandle.cpp(482,69): warning C4244: “=”: 从“_Ty”转换到“UINT32”，可能丢失数据
D:\3aalgo\3a-tmp\3a\AE\RGB\RLG_AE\aeHandle.cpp(482,69): warning C4244:         with
D:\3aalgo\3a-tmp\3a\AE\RGB\RLG_AE\aeHandle.cpp(482,69): warning C4244:         [
D:\3aalgo\3a-tmp\3a\AE\RGB\RLG_AE\aeHandle.cpp(482,69): warning C4244:             _Ty=float
D:\3aalgo\3a-tmp\3a\AE\RGB\RLG_AE\aeHandle.cpp(482,69): warning C4244:         ]
D:\3aalgo\3a-tmp\3a\AE\RGB\RLG_AE\aeHandle.cpp(483,74): warning C4244: “=”: 从“_Ty”转换到“UINT16”，可能丢失数据
D:\3aalgo\3a-tmp\3a\AE\RGB\RLG_AE\aeHandle.cpp(483,74): warning C4244:         with
D:\3aalgo\3a-tmp\3a\AE\RGB\RLG_AE\aeHandle.cpp(483,74): warning C4244:         [
D:\3aalgo\3a-tmp\3a\AE\RGB\RLG_AE\aeHandle.cpp(483,74): warning C4244:             _Ty=float
D:\3aalgo\3a-tmp\3a\AE\RGB\RLG_AE\aeHandle.cpp(483,74): warning C4244:         ]
D:\3aalgo\3a-tmp\3a\AE\RGB\RLG_AE\aeHandle.cpp(550,38): warning C4244: “=”: 从“UINT32”转换到“float”，可能丢失数据
D:\3aalgo\3a-tmp\3a\AE\RGB\RLG_AE\aeHandle.cpp(559,35): warning C4244: “=”: 从“UINT32”转换到“float”，可能丢失数据
D:\3aalgo\3a-tmp\3a\AE\RGB\RLG_AE\aeHandle.cpp(570,32): warning C4244: “参数”: 从“UINT32”转换到“_Ty”，可能丢失数据
D:\3aalgo\3a-tmp\3a\AE\RGB\RLG_AE\aeHandle.cpp(570,32): warning C4244:         with
D:\3aalgo\3a-tmp\3a\AE\RGB\RLG_AE\aeHandle.cpp(570,32): warning C4244:         [
D:\3aalgo\3a-tmp\3a\AE\RGB\RLG_AE\aeHandle.cpp(570,32): warning C4244:             _Ty=float
D:\3aalgo\3a-tmp\3a\AE\RGB\RLG_AE\aeHandle.cpp(570,32): warning C4244:         ]
  table.cpp
D:\3aalgo\3a-tmp\3a\AE\RGB\RLG_AE\core\include\MyLog.h(25,2): warning C4091: “typedef ”: 没有声明变量时忽略“LogLevel_em”的左侧
  (编译源文件“core/table.cpp”)
  
D:\3aalgo\3a-tmp\3a\AE\RGB\RLG_AE\core\include\MyLog.h(264,51): warning C4552: ”-“: 未使用表达式结果
  (编译源文件“core/table.cpp”)
  
D:\3aalgo\3a-tmp\3a\AE\RGB\RLG_AE\core\include\MyLog.h(270,14): warning C4267: “=”: 从“size_t”转换到“int”，可能丢失数据
  (编译源文件“core/table.cpp”)
  
D:\3aalgo\3a-tmp\3a\AE\RGB\RLG_AE\core\include\MyLog.h(273,9): warning C4267: “初始化”: 从“size_t”转换到“int”，可能丢失数据
  (编译源文件“core/table.cpp”)
  
D:\3aalgo\3a-tmp\3a\AE\RGB\RLG_AE\core\include\MyLog.h(312,30): warning C4552: ”-“: 未使用表达式结果
  (编译源文件“core/table.cpp”)
  
D:\3aalgo\3a-tmp\3a\AE\RGB\RLG_AE\core\include\table.h(15,2): warning C4091: “typedef ”: 没有声明变量时忽略“eAETableID”的左侧
  (编译源文件“core/table.cpp”)
  
D:\3aalgo\3a-tmp\3a\AE\RGB\RLG_AE\core\include\table.h(79,2): warning C4091: “typedef ”: 没有声明变量时忽略“strAETable”的左侧
  (编译源文件“core/table.cpp”)
  
D:\3aalgo\3a-tmp\3a\AE\RGB\RLG_AE\core\include\table.h(182,2): warning C4091: “typedef ”: 没有声明变量时忽略“strAETarget”的左侧
  (编译源文件“core/table.cpp”)
  
D:\3aalgo\3a-tmp\3a\AE\RGB\RLG_AE\core\table.cpp(46,16): warning C4244: “初始化”: 从“float”转换到“UINT32”，可能丢失数据
D:\3aalgo\3a-tmp\3a\AE\RGB\RLG_AE\core\table.cpp(62,16): warning C4244: “初始化”: 从“int”转换到“float”，可能丢失数据
D:\3aalgo\3a-tmp\3a\AE\RGB\RLG_AE\core\table.cpp(63,13): warning C4244: “初始化”: 从“int”转换到“float”，可能丢失数据
D:\3aalgo\3a-tmp\3a\AE\RGB\RLG_AE\core\table.cpp(65,14): warning C4244: “初始化”: 从“double”转换到“float”，可能丢失数据
D:\3aalgo\3a-tmp\3a\AE\RGB\RLG_AE\core\table.cpp(72,31): warning C4244: “=”: 从“int”转换到“float”，可能丢失数据
D:\3aalgo\3a-tmp\3a\AE\RGB\RLG_AE\core\table.cpp(85,34): warning C4244: “=”: 从“int”转换到“float”，可能丢失数据
D:\3aalgo\3a-tmp\3a\AE\RGB\RLG_AE\core\table.cpp(95,17): warning C4244: “初始化”: 从“float”转换到“int”，可能丢失数据
D:\3aalgo\3a-tmp\3a\AE\RGB\RLG_AE\core\table.cpp(99,20): warning C4244: “=”: 从“float”转换到“UINT32”，可能丢失数据
D:\3aalgo\3a-tmp\3a\AE\RGB\RLG_AE\core\table.cpp(100,34): warning C4244: “=”: 从“float”转换到“UINT32”，可能丢失数据
D:\3aalgo\3a-tmp\3a\AE\RGB\RLG_AE\core\table.cpp(133,79): warning C4018: “>=”: 有符号/无符号不匹配
D:\3aalgo\3a-tmp\3a\AE\RGB\RLG_AE\core\table.cpp(133,130): warning C4018: “<=”: 有符号/无符号不匹配
D:\3aalgo\3a-tmp\3a\AE\RGB\RLG_AE\core\table.cpp(137,83): warning C4018: “<”: 有符号/无符号不匹配
D:\3aalgo\3a-tmp\3a\AE\RGB\RLG_AE\core\table.cpp(137,134): warning C4018: “>”: 有符号/无符号不匹配
D:\3aalgo\3a-tmp\3a\AE\RGB\RLG_AE\core\table.cpp(209,115): warning C4244: “=”: 从“double”转换到“float”，可能丢失数据
D:\3aalgo\3a-tmp\3a\AE\RGB\RLG_AE\core\table.cpp(269,27): warning C4018: “>=”: 有符号/无符号不匹配
  main.cpp
D:\3aalgo\3a-tmp\3a\AE\RGB\RLG_AE\core\include\MyLog.h(25,2): warning C4091: “typedef ”: 没有声明变量时忽略“LogLevel_em”的左侧
  (编译源文件“main.cpp”)
  
D:\3aalgo\3a-tmp\3a\AE\RGB\RLG_AE\core\include\MyLog.h(264,51): warning C4552: ”-“: 未使用表达式结果
  (编译源文件“main.cpp”)
  
D:\3aalgo\3a-tmp\3a\AE\RGB\RLG_AE\core\include\MyLog.h(270,14): warning C4267: “=”: 从“size_t”转换到“int”，可能丢失数据
  (编译源文件“main.cpp”)
  
D:\3aalgo\3a-tmp\3a\AE\RGB\RLG_AE\core\include\MyLog.h(273,9): warning C4267: “初始化”: 从“size_t”转换到“int”，可能丢失数据
  (编译源文件“main.cpp”)
  
D:\3aalgo\3a-tmp\3a\AE\RGB\RLG_AE\core\include\MyLog.h(312,30): warning C4552: ”-“: 未使用表达式结果
  (编译源文件“main.cpp”)
  
D:\3aalgo\3a-tmp\3a\AE\RGB\RLG_AE\aeHandle.h(26,2): warning C4091: “typedef ”: 没有声明变量时忽略“LogLevel”的左侧
  (编译源文件“main.cpp”)
  
D:\3aalgo\3a-tmp\3a\AE\RGB\RLG_AE\main.cpp(109,24): warning C4244: “=”: 从“int”转换到“float”，可能丢失数据
D:\3aalgo\3a-tmp\3a\AE\RGB\RLG_AE\main.cpp(235,39): warning C4244: “=”: 从“int”转换到“float”，可能丢失数据
D:\3aalgo\3a-tmp\3a\AE\RGB\RLG_AE\main.cpp(236,25): warning C4244: “=”: 从“int”转换到“float”，可能丢失数据
D:\3aalgo\3a-tmp\3a\AE\RGB\RLG_AE\main.cpp(250,49): warning C4244: “=”: 从“int”转换到“float”，可能丢失数据
D:\3aalgo\3a-tmp\3a\AE\RGB\RLG_AE\main.cpp(251,28): warning C4244: “=”: 从“int”转换到“float”，可能丢失数据
    正在创建库 D:\3aalgo\3a-tmp\3a\AE\RGB\RLG_AE\x64\Release\AL_AE.lib 和对象 D:\3aalgo\3a-tmp\3a\AE\RGB\RLG_AE\x64\Release\AL_AE.exp
  正在生成代码
  Previous IPDB not found, fall back to full compilation.
  All 425 functions were compiled because no usable IPDB/IOBJ from previous compilation was found.
  已完成代码的生成
  AL_AE.vcxproj -> D:\3aalgo\3a-tmp\3a\AE\RGB\RLG_AE\x64\Release\AL_AE.dll
