d:\3aalgo\3a-tmp\3a\ae\rgb\jg_ae\al_ae\x64\debug\vc143.pdb
d:\3aalgo\3a-tmp\3a\ae\rgb\jg_ae\al_ae\x64\debug\vc143.idb
d:\3aalgo\3a-tmp\3a\ae\rgb\jg_ae\al_ae\x64\debug\test.obj
d:\3aalgo\3a-tmp\3a\ae\rgb\jg_ae\al_ae\x64\debug\ispsoftaeapi.obj
d:\3aalgo\3a-tmp\3a\ae\rgb\jg_ae\al_ae\x64\debug\table.obj
d:\3aalgo\3a-tmp\3a\ae\rgb\jg_ae\al_ae\x64\debug\alaelib_iae.obj
d:\3aalgo\3a-tmp\3a\ae\rgb\jg_ae\al_ae\x64\debug\alaelibcore.obj
d:\3aalgo\3a-tmp\3a\ae\rgb\jg_ae\x64\debug\al_ae.exe
d:\3aalgo\3a-tmp\3a\ae\rgb\jg_ae\x64\debug\al_ae.pdb
d:\3aalgo\3a-tmp\3a\ae\rgb\jg_ae\x64\debug\al_ae.map
d:\3aalgo\3a-tmp\3a\ae\rgb\jg_ae\al_ae\x64\debug\al_ae.res
d:\3aalgo\3a-tmp\3a\ae\rgb\jg_ae\x64\debug\al_ae.lib
d:\3aalgo\3a-tmp\3a\ae\rgb\jg_ae\x64\debug\al_ae.exp
d:\3aalgo\3a-tmp\3a\ae\rgb\jg_ae\al_ae\x64\debug\al_ae.tlog\cl.command.1.tlog
d:\3aalgo\3a-tmp\3a\ae\rgb\jg_ae\al_ae\x64\debug\al_ae.tlog\cl.items.tlog
d:\3aalgo\3a-tmp\3a\ae\rgb\jg_ae\al_ae\x64\debug\al_ae.tlog\cl.read.1.tlog
d:\3aalgo\3a-tmp\3a\ae\rgb\jg_ae\al_ae\x64\debug\al_ae.tlog\cl.write.1.tlog
d:\3aalgo\3a-tmp\3a\ae\rgb\jg_ae\al_ae\x64\debug\al_ae.tlog\link.command.1.tlog
d:\3aalgo\3a-tmp\3a\ae\rgb\jg_ae\al_ae\x64\debug\al_ae.tlog\link.read.1.tlog
d:\3aalgo\3a-tmp\3a\ae\rgb\jg_ae\al_ae\x64\debug\al_ae.tlog\link.secondary.1.tlog
d:\3aalgo\3a-tmp\3a\ae\rgb\jg_ae\al_ae\x64\debug\al_ae.tlog\link.write.1.tlog
d:\3aalgo\3a-tmp\3a\ae\rgb\jg_ae\al_ae\x64\debug\al_ae.tlog\rc.command.1.tlog
d:\3aalgo\3a-tmp\3a\ae\rgb\jg_ae\al_ae\x64\debug\al_ae.tlog\rc.read.1.tlog
d:\3aalgo\3a-tmp\3a\ae\rgb\jg_ae\al_ae\x64\debug\al_ae.tlog\rc.write.1.tlog
